2022-04-19 11:09:32.8329|INFO|Microsoft.EntityFrameworkCore.Diagnostics.EventDefinition`5.Log|Entity Framework Core 6.0.3 initialized 'ApplicationDbContext' using provider 'Microsoft.EntityFrameworkCore.SqlServer:6.0.3' with options: None|
2022-04-19 11:09:49.8457|ERROR|Program.Main|An error occurred while migrating or seeding the database.|
EXCEPTION OCCURRED:Microsoft.Data.SqlClient.SqlException (0x80131904): A network-related or instance-specific error occurred while establishing a connection to SQL Server. The server was not found or was not accessible. Verify that the instance name is correct and that SQL Server is configured to allow remote connections. (provider: TCP Provider, error: 0 - No connection could be made because the target machine actively refused it.)
 ---> System.ComponentModel.Win32Exception (10061): No connection could be made because the target machine actively refused it.
   at Microsoft.Data.SqlClient.SqlInternalConnection.OnError(SqlException exception, Boolean breakConnection, Action`1 wrapCloseInAction)
   at Microsoft.Data.SqlClient.TdsParser.ThrowExceptionAndWarning(TdsParserStateObject stateObj, Boolean callerHasConnectionLock, Boolean asyncClose)
   at Microsoft.Data.SqlClient.TdsParser.Connect(ServerInfo serverInfo, SqlInternalConnectionTds connHandler, Boolean ignoreSniOpenTimeout, Int64 timerExpire, Boolean encrypt, Boolean trustServerCert, Boolean integratedSecurity, Boolean withFailover, SqlAuthenticationMethod authType)
   at Microsoft.Data.SqlClient.SqlInternalConnectionTds.AttemptOneLogin(ServerInfo serverInfo, String newPassword, SecureString newSecurePassword, Boolean ignoreSniOpenTimeout, TimeoutTimer timeout, Boolean withFailover)
   at Microsoft.Data.SqlClient.SqlInternalConnectionTds.LoginNoFailover(ServerInfo serverInfo, String newPassword, SecureString newSecurePassword, Boolean redirectedUserInstance, SqlConnectionString connectionOptions, SqlCredential credential, TimeoutTimer timeout)
   at Microsoft.Data.SqlClient.SqlInternalConnectionTds.OpenLoginEnlist(TimeoutTimer timeout, SqlConnectionString connectionOptions, SqlCredential credential, String newPassword, SecureString newSecurePassword, Boolean redirectedUserInstance)
   at Microsoft.Data.SqlClient.SqlInternalConnectionTds..ctor(DbConnectionPoolIdentity identity, SqlConnectionString connectionOptions, SqlCredential credential, Object providerInfo, String newPassword, SecureString newSecurePassword, Boolean redirectedUserInstance, SqlConnectionString userConnectionOptions, SessionData reconnectSessionData, Boolean applyTransientFaultHandling, String accessToken, DbConnectionPool pool)
   at Microsoft.Data.SqlClient.SqlConnectionFactory.CreateConnection(DbConnectionOptions options, DbConnectionPoolKey poolKey, Object poolGroupProviderInfo, DbConnectionPool pool, DbConnection owningConnection, DbConnectionOptions userOptions)
   at Microsoft.Data.ProviderBase.DbConnectionFactory.CreatePooledConnection(DbConnectionPool pool, DbConnection owningObject, DbConnectionOptions options, DbConnectionPoolKey poolKey, DbConnectionOptions userOptions)
   at Microsoft.Data.ProviderBase.DbConnectionPool.CreateObject(DbConnection owningObject, DbConnectionOptions userOptions, DbConnectionInternal oldConnection)
   at Microsoft.Data.ProviderBase.DbConnectionPool.UserCreateRequest(DbConnection owningObject, DbConnectionOptions userOptions, DbConnectionInternal oldConnection)
   at Microsoft.Data.ProviderBase.DbConnectionPool.TryGetConnection(DbConnection owningObject, UInt32 waitForMultipleObjectsTimeout, Boolean allowCreate, Boolean onlyOneCheckConnection, DbConnectionOptions userOptions, DbConnectionInternal& connection)
   at Microsoft.Data.ProviderBase.DbConnectionPool.TryGetConnection(DbConnection owningObject, TaskCompletionSource`1 retry, DbConnectionOptions userOptions, DbConnectionInternal& connection)
   at Microsoft.Data.ProviderBase.DbConnectionFactory.TryGetConnection(DbConnection owningConnection, TaskCompletionSource`1 retry, DbConnectionOptions userOptions, DbConnectionInternal oldConnection, DbConnectionInternal& connection)
   at Microsoft.Data.ProviderBase.DbConnectionInternal.TryOpenConnectionInternal(DbConnection outerConnection, DbConnectionFactory connectionFactory, TaskCompletionSource`1 retry, DbConnectionOptions userOptions)
   at Microsoft.Data.ProviderBase.DbConnectionClosed.TryOpenConnection(DbConnection outerConnection, DbConnectionFactory connectionFactory, TaskCompletionSource`1 retry, DbConnectionOptions userOptions)
   at Microsoft.Data.SqlClient.SqlConnection.TryOpen(TaskCompletionSource`1 retry, SqlConnectionOverrides overrides)
   at Microsoft.Data.SqlClient.SqlConnection.Open(SqlConnectionOverrides overrides)
   at Microsoft.EntityFrameworkCore.SqlServer.Storage.Internal.SqlServerConnection.OpenDbConnection(Boolean errorsExpected)
   at Microsoft.EntityFrameworkCore.Storage.RelationalConnection.OpenInternal(Boolean errorsExpected)
   at Microsoft.EntityFrameworkCore.Storage.RelationalConnection.Open(Boolean errorsExpected)
   at Microsoft.EntityFrameworkCore.SqlServer.Storage.Internal.SqlServerDatabaseCreator.<>c__DisplayClass18_0.<Exists>b__0(DateTime giveUp)
   at Microsoft.EntityFrameworkCore.ExecutionStrategyExtensions.<>c__DisplayClass12_0`2.<Execute>b__0(DbContext c, TState s)
   at Microsoft.EntityFrameworkCore.SqlServer.Storage.Internal.SqlServerExecutionStrategy.Execute[TState,TResult](TState state, Func`3 operation, Func`3 verifySucceeded)
   at Microsoft.EntityFrameworkCore.ExecutionStrategyExtensions.Execute[TState,TResult](IExecutionStrategy strategy, TState state, Func`2 operation, Func`2 verifySucceeded)
   at Microsoft.EntityFrameworkCore.SqlServer.Storage.Internal.SqlServerDatabaseCreator.Exists(Boolean retryOnNotExists)
   at Microsoft.EntityFrameworkCore.SqlServer.Storage.Internal.SqlServerDatabaseCreator.Exists()
   at Microsoft.EntityFrameworkCore.Migrations.HistoryRepository.Exists()
   at Microsoft.EntityFrameworkCore.Migrations.Internal.Migrator.Migrate(String targetMigration)
   at Microsoft.EntityFrameworkCore.RelationalDatabaseFacadeExtensions.Migrate(DatabaseFacade databaseFacade)
   at Program.<Main>$(String[] args) in D:\Learning\Projects\Learn SignalR\SignalRWithUsers\SignalRWithUsers\WebUI\Program.cs:line 74
ClientConnectionId:00000000-0000-0000-0000-000000000000
Error Number:10061,State:0,Class:20    at Microsoft.Data.SqlClient.SqlInternalConnection.OnError(SqlException exception, Boolean breakConnection, Action`1 wrapCloseInAction)
   at Microsoft.Data.SqlClient.TdsParser.ThrowExceptionAndWarning(TdsParserStateObject stateObj, Boolean callerHasConnectionLock, Boolean asyncClose)
   at Microsoft.Data.SqlClient.TdsParser.Connect(ServerInfo serverInfo, SqlInternalConnectionTds connHandler, Boolean ignoreSniOpenTimeout, Int64 timerExpire, Boolean encrypt, Boolean trustServerCert, Boolean integratedSecurity, Boolean withFailover, SqlAuthenticationMethod authType)
   at Microsoft.Data.SqlClient.SqlInternalConnectionTds.AttemptOneLogin(ServerInfo serverInfo, String newPassword, SecureString newSecurePassword, Boolean ignoreSniOpenTimeout, TimeoutTimer timeout, Boolean withFailover)
   at Microsoft.Data.SqlClient.SqlInternalConnectionTds.LoginNoFailover(ServerInfo serverInfo, String newPassword, SecureString newSecurePassword, Boolean redirectedUserInstance, SqlConnectionString connectionOptions, SqlCredential credential, TimeoutTimer timeout)
   at Microsoft.Data.SqlClient.SqlInternalConnectionTds.OpenLoginEnlist(TimeoutTimer timeout, SqlConnectionString connectionOptions, SqlCredential credential, String newPassword, SecureString newSecurePassword, Boolean redirectedUserInstance)
   at Microsoft.Data.SqlClient.SqlInternalConnectionTds..ctor(DbConnectionPoolIdentity identity, SqlConnectionString connectionOptions, SqlCredential credential, Object providerInfo, String newPassword, SecureString newSecurePassword, Boolean redirectedUserInstance, SqlConnectionString userConnectionOptions, SessionData reconnectSessionData, Boolean applyTransientFaultHandling, String accessToken, DbConnectionPool pool)
   at Microsoft.Data.SqlClient.SqlConnectionFactory.CreateConnection(DbConnectionOptions options, DbConnectionPoolKey poolKey, Object poolGroupProviderInfo, DbConnectionPool pool, DbConnection owningConnection, DbConnectionOptions userOptions)
   at Microsoft.Data.ProviderBase.DbConnectionFactory.CreatePooledConnection(DbConnectionPool pool, DbConnection owningObject, DbConnectionOptions options, DbConnectionPoolKey poolKey, DbConnectionOptions userOptions)
   at Microsoft.Data.ProviderBase.DbConnectionPool.CreateObject(DbConnection owningObject, DbConnectionOptions userOptions, DbConnectionInternal oldConnection)
   at Microsoft.Data.ProviderBase.DbConnectionPool.UserCreateRequest(DbConnection owningObject, DbConnectionOptions userOptions, DbConnectionInternal oldConnection)
   at Microsoft.Data.ProviderBase.DbConnectionPool.TryGetConnection(DbConnection owningObject, UInt32 waitForMultipleObjectsTimeout, Boolean allowCreate, Boolean onlyOneCheckConnection, DbConnectionOptions userOptions, DbConnectionInternal& connection)
   at Microsoft.Data.ProviderBase.DbConnectionPool.TryGetConnection(DbConnection owningObject, TaskCompletionSource`1 retry, DbConnectionOptions userOptions, DbConnectionInternal& connection)
   at Microsoft.Data.ProviderBase.DbConnectionFactory.TryGetConnection(DbConnection owningConnection, TaskCompletionSource`1 retry, DbConnectionOptions userOptions, DbConnectionInternal oldConnection, DbConnectionInternal& connection)
   at Microsoft.Data.ProviderBase.DbConnectionInternal.TryOpenConnectionInternal(DbConnection outerConnection, DbConnectionFactory connectionFactory, TaskCompletionSource`1 retry, DbConnectionOptions userOptions)
   at Microsoft.Data.ProviderBase.DbConnectionClosed.TryOpenConnection(DbConnection outerConnection, DbConnectionFactory connectionFactory, TaskCompletionSource`1 retry, DbConnectionOptions userOptions)
   at Microsoft.Data.SqlClient.SqlConnection.TryOpen(TaskCompletionSource`1 retry, SqlConnectionOverrides overrides)
   at Microsoft.Data.SqlClient.SqlConnection.Open(SqlConnectionOverrides overrides)
   at Microsoft.EntityFrameworkCore.SqlServer.Storage.Internal.SqlServerConnection.OpenDbConnection(Boolean errorsExpected)
   at Microsoft.EntityFrameworkCore.Storage.RelationalConnection.OpenInternal(Boolean errorsExpected)
   at Microsoft.EntityFrameworkCore.Storage.RelationalConnection.Open(Boolean errorsExpected)
   at Microsoft.EntityFrameworkCore.SqlServer.Storage.Internal.SqlServerDatabaseCreator.<>c__DisplayClass18_0.<Exists>b__0(DateTime giveUp)
   at Microsoft.EntityFrameworkCore.ExecutionStrategyExtensions.<>c__DisplayClass12_0`2.<Execute>b__0(DbContext c, TState s)
   at Microsoft.EntityFrameworkCore.SqlServer.Storage.Internal.SqlServerExecutionStrategy.Execute[TState,TResult](TState state, Func`3 operation, Func`3 verifySucceeded)
   at Microsoft.EntityFrameworkCore.ExecutionStrategyExtensions.Execute[TState,TResult](IExecutionStrategy strategy, TState state, Func`2 operation, Func`2 verifySucceeded)
   at Microsoft.EntityFrameworkCore.SqlServer.Storage.Internal.SqlServerDatabaseCreator.Exists(Boolean retryOnNotExists)
   at Microsoft.EntityFrameworkCore.SqlServer.Storage.Internal.SqlServerDatabaseCreator.Exists()
   at Microsoft.EntityFrameworkCore.Migrations.HistoryRepository.Exists()
   at Microsoft.EntityFrameworkCore.Migrations.Internal.Migrator.Migrate(String targetMigration)
   at Microsoft.EntityFrameworkCore.RelationalDatabaseFacadeExtensions.Migrate(DatabaseFacade databaseFacade)
   at Program.<Main>$(String[] args) in D:\Learning\Projects\Learn SignalR\SignalRWithUsers\SignalRWithUsers\WebUI\Program.cs:line 74
Win32Exception No connection could be made because the target machine actively refused it.
2022-04-19 11:10:53.7002|INFO|Microsoft.EntityFrameworkCore.Diagnostics.EventDefinition`5.Log|Entity Framework Core 6.0.3 initialized 'ApplicationDbContext' using provider 'Microsoft.EntityFrameworkCore.SqlServer:6.0.3' with options: None|
2022-04-19 11:10:54.3135|INFO|Microsoft.EntityFrameworkCore.Diagnostics.EventDefinition`6.Log|Executed DbCommand (21ms) [Parameters=[], CommandType='Text', CommandTimeout='30']
SELECT 1|
2022-04-19 11:10:54.3396|INFO|Microsoft.EntityFrameworkCore.Diagnostics.EventDefinition`6.Log|Executed DbCommand (15ms) [Parameters=[], CommandType='Text', CommandTimeout='30']
SELECT OBJECT_ID(N'[__EFMigrationsHistory]');|
2022-04-19 11:10:54.3396|INFO|Microsoft.EntityFrameworkCore.Diagnostics.EventDefinition`6.Log|Executed DbCommand (4ms) [Parameters=[], CommandType='Text', CommandTimeout='30']
SELECT 1|
2022-04-19 11:10:54.3481|INFO|Microsoft.EntityFrameworkCore.Diagnostics.EventDefinition`6.Log|Executed DbCommand (2ms) [Parameters=[], CommandType='Text', CommandTimeout='30']
SELECT OBJECT_ID(N'[__EFMigrationsHistory]');|
2022-04-19 11:10:54.3676|INFO|Microsoft.EntityFrameworkCore.Diagnostics.EventDefinition`6.Log|Executed DbCommand (7ms) [Parameters=[], CommandType='Text', CommandTimeout='30']
SELECT [MigrationId], [ProductVersion]
FROM [__EFMigrationsHistory]
ORDER BY [MigrationId];|
2022-04-19 11:10:54.3816|INFO|Microsoft.EntityFrameworkCore.Diagnostics.EventDefinition.Log|No migrations were applied. The database is already up to date.|
2022-04-19 11:10:54.6771|INFO|Microsoft.EntityFrameworkCore.Diagnostics.EventDefinition`6.Log|Executed DbCommand (5ms) [Parameters=[], CommandType='Text', CommandTimeout='30']
SELECT CASE
    WHEN EXISTS (
        SELECT 1
        FROM [AspNetRoles] AS [a]) THEN CAST(1 AS bit)
    ELSE CAST(0 AS bit)
END|
2022-04-19 11:10:55.1356|INFO|Microsoft.Extensions.Hosting.Internal.ConsoleLifetime.OnApplicationStarted|Application started. Press Ctrl+C to shut down.|
2022-04-19 11:10:55.1356|INFO|Microsoft.Extensions.Hosting.Internal.ConsoleLifetime.OnApplicationStarted|Hosting environment: Development|
2022-04-19 11:10:55.1356|INFO|Microsoft.Extensions.Hosting.Internal.ConsoleLifetime.OnApplicationStarted|Content root path: D:\Learning\Projects\Learn SignalR\SignalRWithUsers\SignalRWithUsers\WebUI\|
2022-04-19 11:11:23.4696|ERROR|Microsoft.AspNetCore.Diagnostics.DiagnosticsLoggerExtensions.UnhandledException|An unhandled exception has occurred while executing the request.|
EXCEPTION OCCURRED:System.Exception: Hello Logger , this is exception thrown from AccountController
   at WebUI.Controllers.UserAccounts.AccountsController.Login(LoginModel login) in D:\Learning\Projects\Learn SignalR\SignalRWithUsers\SignalRWithUsers\WebUI\Controllers\UserAccounts\AccountsController.cs:line 21
   at lambda_method17(Closure , Object )
   at Microsoft.AspNetCore.Mvc.Infrastructure.ActionMethodExecutor.AwaitableObjectResultExecutor.Execute(IActionResultTypeMapper mapper, ObjectMethodExecutor executor, Object controller, Object[] arguments)
   at Microsoft.AspNetCore.Mvc.Infrastructure.ControllerActionInvoker.<InvokeActionMethodAsync>g__Awaited|12_0(ControllerActionInvoker invoker, ValueTask`1 actionResultValueTask)
   at Microsoft.AspNetCore.Mvc.Infrastructure.ControllerActionInvoker.<InvokeNextActionFilterAsync>g__Awaited|10_0(ControllerActionInvoker invoker, Task lastTask, State next, Scope scope, Object state, Boolean isCompleted)
   at Microsoft.AspNetCore.Mvc.Infrastructure.ControllerActionInvoker.Rethrow(ActionExecutedContextSealed context)
   at Microsoft.AspNetCore.Mvc.Infrastructure.ControllerActionInvoker.Next(State& next, Scope& scope, Object& state, Boolean& isCompleted)
   at Microsoft.AspNetCore.Mvc.Infrastructure.ControllerActionInvoker.InvokeInnerFilterAsync()
--- End of stack trace from previous location ---
   at Microsoft.AspNetCore.Mvc.Infrastructure.ResourceInvoker.<InvokeFilterPipelineAsync>g__Awaited|20_0(ResourceInvoker invoker, Task lastTask, State next, Scope scope, Object state, Boolean isCompleted)
   at Microsoft.AspNetCore.Mvc.Infrastructure.ResourceInvoker.<InvokeAsync>g__Awaited|17_0(ResourceInvoker invoker, Task task, IDisposable scope)
   at Microsoft.AspNetCore.Mvc.Infrastructure.ResourceInvoker.<InvokeAsync>g__Awaited|17_0(ResourceInvoker invoker, Task task, IDisposable scope)
   at Microsoft.AspNetCore.Routing.EndpointMiddleware.<Invoke>g__AwaitRequestTask|6_0(Endpoint endpoint, Task requestTask, ILogger logger)
   at Microsoft.AspNetCore.Authorization.AuthorizationMiddleware.Invoke(HttpContext context)
   at Swashbuckle.AspNetCore.SwaggerUI.SwaggerUIMiddleware.Invoke(HttpContext httpContext)
   at Swashbuckle.AspNetCore.Swagger.SwaggerMiddleware.Invoke(HttpContext httpContext, ISwaggerProvider swaggerProvider)
   at Microsoft.AspNetCore.Diagnostics.DeveloperExceptionPageMiddleware.Invoke(HttpContext context)    at WebUI.Controllers.UserAccounts.AccountsController.Login(LoginModel login) in D:\Learning\Projects\Learn SignalR\SignalRWithUsers\SignalRWithUsers\WebUI\Controllers\UserAccounts\AccountsController.cs:line 21
   at lambda_method17(Closure , Object )
   at Microsoft.AspNetCore.Mvc.Infrastructure.ActionMethodExecutor.AwaitableObjectResultExecutor.Execute(IActionResultTypeMapper mapper, ObjectMethodExecutor executor, Object controller, Object[] arguments)
   at Microsoft.AspNetCore.Mvc.Infrastructure.ControllerActionInvoker.<InvokeActionMethodAsync>g__Awaited|12_0(ControllerActionInvoker invoker, ValueTask`1 actionResultValueTask)
   at Microsoft.AspNetCore.Mvc.Infrastructure.ControllerActionInvoker.<InvokeNextActionFilterAsync>g__Awaited|10_0(ControllerActionInvoker invoker, Task lastTask, State next, Scope scope, Object state, Boolean isCompleted)
   at Microsoft.AspNetCore.Mvc.Infrastructure.ControllerActionInvoker.Rethrow(ActionExecutedContextSealed context)
   at Microsoft.AspNetCore.Mvc.Infrastructure.ControllerActionInvoker.Next(State& next, Scope& scope, Object& state, Boolean& isCompleted)
   at Microsoft.AspNetCore.Mvc.Infrastructure.ControllerActionInvoker.InvokeInnerFilterAsync()
--- End of stack trace from previous location ---
   at Microsoft.AspNetCore.Mvc.Infrastructure.ResourceInvoker.<InvokeFilterPipelineAsync>g__Awaited|20_0(ResourceInvoker invoker, Task lastTask, State next, Scope scope, Object state, Boolean isCompleted)
   at Microsoft.AspNetCore.Mvc.Infrastructure.ResourceInvoker.<InvokeAsync>g__Awaited|17_0(ResourceInvoker invoker, Task task, IDisposable scope)
   at Microsoft.AspNetCore.Mvc.Infrastructure.ResourceInvoker.<InvokeAsync>g__Awaited|17_0(ResourceInvoker invoker, Task task, IDisposable scope)
   at Microsoft.AspNetCore.Routing.EndpointMiddleware.<Invoke>g__AwaitRequestTask|6_0(Endpoint endpoint, Task requestTask, ILogger logger)
   at Microsoft.AspNetCore.Authorization.AuthorizationMiddleware.Invoke(HttpContext context)
   at Swashbuckle.AspNetCore.SwaggerUI.SwaggerUIMiddleware.Invoke(HttpContext httpContext)
   at Swashbuckle.AspNetCore.Swagger.SwaggerMiddleware.Invoke(HttpContext httpContext, ISwaggerProvider swaggerProvider)
   at Microsoft.AspNetCore.Diagnostics.DeveloperExceptionPageMiddleware.Invoke(HttpContext context)
2022-04-19 11:11:59.5025|INFO|Microsoft.EntityFrameworkCore.Diagnostics.EventDefinition`5.Log|Entity Framework Core 6.0.3 initialized 'ApplicationDbContext' using provider 'Microsoft.EntityFrameworkCore.SqlServer:6.0.3' with options: None|
2022-04-19 11:12:00.2489|INFO|Microsoft.EntityFrameworkCore.Diagnostics.EventDefinition`6.Log|Executed DbCommand (20ms) [Parameters=[], CommandType='Text', CommandTimeout='30']
SELECT 1|
2022-04-19 11:12:00.2772|INFO|Microsoft.EntityFrameworkCore.Diagnostics.EventDefinition`6.Log|Executed DbCommand (17ms) [Parameters=[], CommandType='Text', CommandTimeout='30']
SELECT OBJECT_ID(N'[__EFMigrationsHistory]');|
2022-04-19 11:12:00.2772|INFO|Microsoft.EntityFrameworkCore.Diagnostics.EventDefinition`6.Log|Executed DbCommand (4ms) [Parameters=[], CommandType='Text', CommandTimeout='30']
SELECT 1|
2022-04-19 11:12:00.2866|INFO|Microsoft.EntityFrameworkCore.Diagnostics.EventDefinition`6.Log|Executed DbCommand (2ms) [Parameters=[], CommandType='Text', CommandTimeout='30']
SELECT OBJECT_ID(N'[__EFMigrationsHistory]');|
2022-04-19 11:12:00.3057|INFO|Microsoft.EntityFrameworkCore.Diagnostics.EventDefinition`6.Log|Executed DbCommand (6ms) [Parameters=[], CommandType='Text', CommandTimeout='30']
SELECT [MigrationId], [ProductVersion]
FROM [__EFMigrationsHistory]
ORDER BY [MigrationId];|
2022-04-19 11:12:00.3211|INFO|Microsoft.EntityFrameworkCore.Diagnostics.EventDefinition.Log|No migrations were applied. The database is already up to date.|
2022-04-19 11:12:00.5402|INFO|Microsoft.EntityFrameworkCore.Diagnostics.EventDefinition`6.Log|Executed DbCommand (6ms) [Parameters=[], CommandType='Text', CommandTimeout='30']
SELECT CASE
    WHEN EXISTS (
        SELECT 1
        FROM [AspNetRoles] AS [a]) THEN CAST(1 AS bit)
    ELSE CAST(0 AS bit)
END|
2022-04-19 11:12:00.6511|INFO|Microsoft.Extensions.Hosting.Internal.ConsoleLifetime.OnApplicationStarted|Application started. Press Ctrl+C to shut down.|
2022-04-19 11:12:00.6511|INFO|Microsoft.Extensions.Hosting.Internal.ConsoleLifetime.OnApplicationStarted|Hosting environment: Development|
2022-04-19 11:12:00.6511|INFO|Microsoft.Extensions.Hosting.Internal.ConsoleLifetime.OnApplicationStarted|Content root path: D:\Learning\Projects\Learn SignalR\SignalRWithUsers\SignalRWithUsers\WebUI\|
2022-04-19 11:12:14.5574|INFO|Microsoft.EntityFrameworkCore.Diagnostics.EventDefinition`5.Log|Entity Framework Core 6.0.3 initialized 'ApplicationDbContext' using provider 'Microsoft.EntityFrameworkCore.SqlServer:6.0.3' with options: None|
2022-04-19 11:12:14.7460|INFO|Microsoft.EntityFrameworkCore.Diagnostics.EventDefinition`6.Log|Executed DbCommand (56ms) [Parameters=[@__normalizedUserName_0='?' (Size = 256)], CommandType='Text', CommandTimeout='30']
SELECT TOP(1) [a].[Id], [a].[AccessFailedCount], [a].[ConcurrencyStamp], [a].[Email], [a].[EmailConfirmed], [a].[EmployeesId], [a].[Fullname], [a].[IsActive], [a].[LockoutEnabled], [a].[LockoutEnd], [a].[NormalizedEmail], [a].[NormalizedUserName], [a].[PasswordHash], [a].[PhoneNumber], [a].[PhoneNumberConfirmed], [a].[SecurityStamp], [a].[TwoFactorEnabled], [a].[UserName], [a].[UserType]
FROM [AspNetUsers] AS [a]
WHERE [a].[NormalizedUserName] = @__normalizedUserName_0|
2022-04-19 11:12:14.8796|WARN|Microsoft.AspNetCore.Identity.UserManager`1.CheckPasswordAsync|Invalid password for user.|
2022-04-19 11:12:14.8796|WARN|Microsoft.AspNetCore.Identity.SignInManager`1.CheckPasswordSignInAsync|User failed to provide the correct password.|
2022-04-19 11:12:31.5420|INFO|Microsoft.EntityFrameworkCore.Diagnostics.EventDefinition`5.Log|Entity Framework Core 6.0.3 initialized 'ApplicationDbContext' using provider 'Microsoft.EntityFrameworkCore.SqlServer:6.0.3' with options: None|
2022-04-19 11:12:31.5534|INFO|Microsoft.EntityFrameworkCore.Diagnostics.EventDefinition`6.Log|Executed DbCommand (4ms) [Parameters=[@__normalizedUserName_0='?' (Size = 256)], CommandType='Text', CommandTimeout='30']
SELECT TOP(1) [a].[Id], [a].[AccessFailedCount], [a].[ConcurrencyStamp], [a].[Email], [a].[EmailConfirmed], [a].[EmployeesId], [a].[Fullname], [a].[IsActive], [a].[LockoutEnabled], [a].[LockoutEnd], [a].[NormalizedEmail], [a].[NormalizedUserName], [a].[PasswordHash], [a].[PhoneNumber], [a].[PhoneNumberConfirmed], [a].[SecurityStamp], [a].[TwoFactorEnabled], [a].[UserName], [a].[UserType]
FROM [AspNetUsers] AS [a]
WHERE [a].[NormalizedUserName] = @__normalizedUserName_0|
2022-04-19 11:12:31.5534|WARN|Microsoft.AspNetCore.Identity.UserManager`1.CheckPasswordAsync|Invalid password for user.|
2022-04-19 11:12:31.5534|WARN|Microsoft.AspNetCore.Identity.SignInManager`1.CheckPasswordSignInAsync|User failed to provide the correct password.|
2022-04-19 11:13:21.7471|INFO|Microsoft.EntityFrameworkCore.Diagnostics.EventDefinition`5.Log|Entity Framework Core 6.0.3 initialized 'ApplicationDbContext' using provider 'Microsoft.EntityFrameworkCore.SqlServer:6.0.3' with options: None|
2022-04-19 11:13:21.7953|INFO|Microsoft.EntityFrameworkCore.Diagnostics.EventDefinition`6.Log|Executed DbCommand (43ms) [Parameters=[], CommandType='Text', CommandTimeout='30']
SELECT [e].[EmployeeId], [e].[Address], [e].[Email], [e].[FullName]
FROM [Employees] AS [e]|
2022-04-19 11:14:41.5172|INFO|Microsoft.EntityFrameworkCore.Diagnostics.EventDefinition`5.Log|Entity Framework Core 6.0.3 initialized 'ApplicationDbContext' using provider 'Microsoft.EntityFrameworkCore.SqlServer:6.0.3' with options: None|
2022-04-19 11:14:42.2191|INFO|Microsoft.EntityFrameworkCore.Diagnostics.EventDefinition`6.Log|Executed DbCommand (19ms) [Parameters=[], CommandType='Text', CommandTimeout='30']
SELECT 1|
2022-04-19 11:14:42.2448|INFO|Microsoft.EntityFrameworkCore.Diagnostics.EventDefinition`6.Log|Executed DbCommand (15ms) [Parameters=[], CommandType='Text', CommandTimeout='30']
SELECT OBJECT_ID(N'[__EFMigrationsHistory]');|
2022-04-19 11:14:42.2448|INFO|Microsoft.EntityFrameworkCore.Diagnostics.EventDefinition`6.Log|Executed DbCommand (4ms) [Parameters=[], CommandType='Text', CommandTimeout='30']
SELECT 1|
2022-04-19 11:14:42.2448|INFO|Microsoft.EntityFrameworkCore.Diagnostics.EventDefinition`6.Log|Executed DbCommand (2ms) [Parameters=[], CommandType='Text', CommandTimeout='30']
SELECT OBJECT_ID(N'[__EFMigrationsHistory]');|
2022-04-19 11:14:42.2730|INFO|Microsoft.EntityFrameworkCore.Diagnostics.EventDefinition`6.Log|Executed DbCommand (4ms) [Parameters=[], CommandType='Text', CommandTimeout='30']
SELECT [MigrationId], [ProductVersion]
FROM [__EFMigrationsHistory]
ORDER BY [MigrationId];|
2022-04-19 11:14:42.2891|INFO|Microsoft.EntityFrameworkCore.Diagnostics.EventDefinition.Log|No migrations were applied. The database is already up to date.|
2022-04-19 11:14:42.5179|INFO|Microsoft.EntityFrameworkCore.Diagnostics.EventDefinition`6.Log|Executed DbCommand (37ms) [Parameters=[], CommandType='Text', CommandTimeout='30']
SELECT CASE
    WHEN EXISTS (
        SELECT 1
        FROM [AspNetRoles] AS [a]) THEN CAST(1 AS bit)
    ELSE CAST(0 AS bit)
END|
2022-04-19 11:14:42.6215|INFO|Microsoft.Extensions.Hosting.Internal.ConsoleLifetime.OnApplicationStarted|Application started. Press Ctrl+C to shut down.|
2022-04-19 11:14:42.6215|INFO|Microsoft.Extensions.Hosting.Internal.ConsoleLifetime.OnApplicationStarted|Hosting environment: Development|
2022-04-19 11:14:42.6215|INFO|Microsoft.Extensions.Hosting.Internal.ConsoleLifetime.OnApplicationStarted|Content root path: D:\Learning\Projects\Learn SignalR\SignalRWithUsers\SignalRWithUsers\WebUI\|
2022-04-19 11:15:27.3460|INFO|Microsoft.EntityFrameworkCore.Diagnostics.EventDefinition`5.Log|Entity Framework Core 6.0.3 initialized 'ApplicationDbContext' using provider 'Microsoft.EntityFrameworkCore.SqlServer:6.0.3' with options: None|
2022-04-19 11:15:27.7158|INFO|Microsoft.EntityFrameworkCore.Diagnostics.EventDefinition`6.Log|Executed DbCommand (50ms) [Parameters=[@p0='?' (DbType = Guid), @p1='?' (Size = 4000), @p2='?' (Size = 4000), @p3='?' (Size = 200)], CommandType='Text', CommandTimeout='30']
SET NOCOUNT ON;
INSERT INTO [Employees] ([EmployeeId], [Address], [Email], [FullName])
VALUES (@p0, @p1, @p2, @p3);|
2022-04-19 11:15:27.8271|INFO|Microsoft.EntityFrameworkCore.Diagnostics.EventDefinition`6.Log|Executed DbCommand (3ms) [Parameters=[], CommandType='Text', CommandTimeout='30']
SELECT [a].[Id], [a].[ConcurrencyStamp], [a].[Name], [a].[NormalizedName], [a].[Type]
FROM [AspNetRoles] AS [a]|
2022-04-19 11:15:27.9728|INFO|Microsoft.EntityFrameworkCore.Diagnostics.EventDefinition`6.Log|Executed DbCommand (6ms) [Parameters=[@__normalizedUserName_0='?' (Size = 256)], CommandType='Text', CommandTimeout='30']
SELECT TOP(1) [a].[Id], [a].[AccessFailedCount], [a].[ConcurrencyStamp], [a].[Email], [a].[EmailConfirmed], [a].[EmployeesId], [a].[Fullname], [a].[IsActive], [a].[LockoutEnabled], [a].[LockoutEnd], [a].[NormalizedEmail], [a].[NormalizedUserName], [a].[PasswordHash], [a].[PhoneNumber], [a].[PhoneNumberConfirmed], [a].[SecurityStamp], [a].[TwoFactorEnabled], [a].[UserName], [a].[UserType]
FROM [AspNetUsers] AS [a]
WHERE [a].[NormalizedUserName] = @__normalizedUserName_0|
2022-04-19 11:15:28.1457|INFO|Microsoft.EntityFrameworkCore.Diagnostics.EventDefinition`6.Log|Executed DbCommand (6ms) [Parameters=[@p0='?' (Size = 450), @p1='?' (DbType = Int32), @p2='?' (Size = 4000), @p3='?' (Size = 256), @p4='?' (DbType = Boolean), @p5='?' (DbType = Guid), @p6='?' (Size = 4000), @p7='?' (DbType = Boolean), @p8='?' (DbType = Boolean), @p9='?' (DbType = DateTimeOffset), @p10='?' (Size = 256), @p11='?' (Size = 256), @p12='?' (Size = 4000), @p13='?' (Size = 4000), @p14='?' (DbType = Boolean), @p15='?' (Size = 4000), @p16='?' (DbType = Boolean), @p17='?' (Size = 256), @p18='?' (DbType = Int32)], CommandType='Text', CommandTimeout='30']
SET NOCOUNT ON;
INSERT INTO [AspNetUsers] ([Id], [AccessFailedCount], [ConcurrencyStamp], [Email], [EmailConfirmed], [EmployeesId], [Fullname], [IsActive], [LockoutEnabled], [LockoutEnd], [NormalizedEmail], [NormalizedUserName], [PasswordHash], [PhoneNumber], [PhoneNumberConfirmed], [SecurityStamp], [TwoFactorEnabled], [UserName], [UserType])
VALUES (@p0, @p1, @p2, @p3, @p4, @p5, @p6, @p7, @p8, @p9, @p10, @p11, @p12, @p13, @p14, @p15, @p16, @p17, @p18);|
2022-04-19 11:15:28.1696|INFO|Microsoft.EntityFrameworkCore.Diagnostics.EventDefinition`6.Log|Executed DbCommand (4ms) [Parameters=[@__normalizedRoleName_0='?' (Size = 256)], CommandType='Text', CommandTimeout='30']
SELECT TOP(2) [a].[Id], [a].[ConcurrencyStamp], [a].[Name], [a].[NormalizedName], [a].[Type]
FROM [AspNetRoles] AS [a]
WHERE [a].[NormalizedName] = @__normalizedRoleName_0|
2022-04-19 11:15:28.1987|INFO|Microsoft.EntityFrameworkCore.Diagnostics.EventDefinition`6.Log|Executed DbCommand (4ms) [Parameters=[@__p_0='?' (Size = 450), @__p_1='?' (Size = 450)], CommandType='Text', CommandTimeout='30']
SELECT TOP(1) [a].[UserId], [a].[RoleId]
FROM [AspNetUserRoles] AS [a]
WHERE ([a].[UserId] = @__p_0) AND ([a].[RoleId] = @__p_1)|
2022-04-19 11:15:28.2110|INFO|Microsoft.EntityFrameworkCore.Diagnostics.EventDefinition`6.Log|Executed DbCommand (3ms) [Parameters=[@__normalizedRoleName_0='?' (Size = 256)], CommandType='Text', CommandTimeout='30']
SELECT TOP(2) [a].[Id], [a].[ConcurrencyStamp], [a].[Name], [a].[NormalizedName], [a].[Type]
FROM [AspNetRoles] AS [a]
WHERE [a].[NormalizedName] = @__normalizedRoleName_0|
2022-04-19 11:15:28.2460|INFO|Microsoft.EntityFrameworkCore.Diagnostics.EventDefinition`6.Log|Executed DbCommand (4ms) [Parameters=[@__normalizedUserName_0='?' (Size = 256)], CommandType='Text', CommandTimeout='30']
SELECT TOP(1) [a].[Id], [a].[AccessFailedCount], [a].[ConcurrencyStamp], [a].[Email], [a].[EmailConfirmed], [a].[EmployeesId], [a].[Fullname], [a].[IsActive], [a].[LockoutEnabled], [a].[LockoutEnd], [a].[NormalizedEmail], [a].[NormalizedUserName], [a].[PasswordHash], [a].[PhoneNumber], [a].[PhoneNumberConfirmed], [a].[SecurityStamp], [a].[TwoFactorEnabled], [a].[UserName], [a].[UserType]
FROM [AspNetUsers] AS [a]
WHERE [a].[NormalizedUserName] = @__normalizedUserName_0|
2022-04-19 11:15:28.2826|INFO|Microsoft.EntityFrameworkCore.Diagnostics.EventDefinition`6.Log|Executed DbCommand (7ms) [Parameters=[@p0='?' (Size = 450), @p1='?' (Size = 450)], CommandType='Text', CommandTimeout='30']
SET NOCOUNT ON;
INSERT INTO [AspNetUserRoles] ([RoleId], [UserId])
VALUES (@p0, @p1);|
2022-04-19 11:15:28.2965|INFO|Microsoft.EntityFrameworkCore.Diagnostics.EventDefinition`6.Log|Executed DbCommand (9ms) [Parameters=[@p18='?' (Size = 450), @p0='?' (DbType = Int32), @p1='?' (Size = 4000), @p19='?' (Size = 4000), @p2='?' (Size = 256), @p3='?' (DbType = Boolean), @p4='?' (DbType = Guid), @p5='?' (Size = 4000), @p6='?' (DbType = Boolean), @p7='?' (DbType = Boolean), @p8='?' (DbType = DateTimeOffset), @p9='?' (Size = 256), @p10='?' (Size = 256), @p11='?' (Size = 4000), @p12='?' (Size = 4000), @p13='?' (DbType = Boolean), @p14='?' (Size = 4000), @p15='?' (DbType = Boolean), @p16='?' (Size = 256), @p17='?' (DbType = Int32)], CommandType='Text', CommandTimeout='30']
SET NOCOUNT ON;
UPDATE [AspNetUsers] SET [AccessFailedCount] = @p0, [ConcurrencyStamp] = @p1, [Email] = @p2, [EmailConfirmed] = @p3, [EmployeesId] = @p4, [Fullname] = @p5, [IsActive] = @p6, [LockoutEnabled] = @p7, [LockoutEnd] = @p8, [NormalizedEmail] = @p9, [NormalizedUserName] = @p10, [PasswordHash] = @p11, [PhoneNumber] = @p12, [PhoneNumberConfirmed] = @p13, [SecurityStamp] = @p14, [TwoFactorEnabled] = @p15, [UserName] = @p16, [UserType] = @p17
WHERE [Id] = @p18 AND [ConcurrencyStamp] = @p19;
SELECT @@ROWCOUNT;|
2022-04-19 11:15:48.3623|INFO|Microsoft.EntityFrameworkCore.Diagnostics.EventDefinition`5.Log|Entity Framework Core 6.0.3 initialized 'ApplicationDbContext' using provider 'Microsoft.EntityFrameworkCore.SqlServer:6.0.3' with options: None|
2022-04-19 11:15:48.3673|INFO|Microsoft.EntityFrameworkCore.Diagnostics.EventDefinition`6.Log|Executed DbCommand (2ms) [Parameters=[@__normalizedUserName_0='?' (Size = 256)], CommandType='Text', CommandTimeout='30']
SELECT TOP(1) [a].[Id], [a].[AccessFailedCount], [a].[ConcurrencyStamp], [a].[Email], [a].[EmailConfirmed], [a].[EmployeesId], [a].[Fullname], [a].[IsActive], [a].[LockoutEnabled], [a].[LockoutEnd], [a].[NormalizedEmail], [a].[NormalizedUserName], [a].[PasswordHash], [a].[PhoneNumber], [a].[PhoneNumberConfirmed], [a].[SecurityStamp], [a].[TwoFactorEnabled], [a].[UserName], [a].[UserType]
FROM [AspNetUsers] AS [a]
WHERE [a].[NormalizedUserName] = @__normalizedUserName_0|
2022-04-19 11:15:48.4990|INFO|Microsoft.EntityFrameworkCore.Diagnostics.EventDefinition`6.Log|Executed DbCommand (4ms) [Parameters=[@__userId_0='?' (Size = 450)], CommandType='Text', CommandTimeout='30']
SELECT [a0].[Name]
FROM [AspNetUserRoles] AS [a]
INNER JOIN [AspNetRoles] AS [a0] ON [a].[RoleId] = [a0].[Id]
WHERE [a].[UserId] = @__userId_0|
2022-04-19 11:15:48.5210|INFO|Microsoft.EntityFrameworkCore.Diagnostics.EventDefinition`6.Log|Executed DbCommand (4ms) [Parameters=[@__user_Id_0='?' (Size = 450)], CommandType='Text', CommandTimeout='30']
SELECT [a].[Id], [a].[ClaimType], [a].[ClaimValue], [a].[UserId]
FROM [AspNetUserClaims] AS [a]
WHERE [a].[UserId] = @__user_Id_0|
2022-04-19 11:15:48.7444|INFO|Microsoft.EntityFrameworkCore.Diagnostics.EventDefinition`6.Log|Executed DbCommand (4ms) [Parameters=[@__identityUser_Email_0='?' (Size = 4000)], CommandType='Text', CommandTimeout='30']
SELECT TOP(1) [e].[EmployeeId], [e].[Address], [e].[Email], [e].[FullName]
FROM [Employees] AS [e]
WHERE [e].[Email] = @__identityUser_Email_0|
2022-04-19 11:25:41.4766|INFO|Microsoft.EntityFrameworkCore.Diagnostics.EventDefinition`5.Log|Entity Framework Core 6.0.3 initialized 'ApplicationDbContext' using provider 'Microsoft.EntityFrameworkCore.SqlServer:6.0.3' with options: None|
2022-04-19 11:25:42.1103|INFO|Microsoft.EntityFrameworkCore.Diagnostics.EventDefinition`6.Log|Executed DbCommand (20ms) [Parameters=[], CommandType='Text', CommandTimeout='30']
SELECT 1|
2022-04-19 11:25:42.1406|INFO|Microsoft.EntityFrameworkCore.Diagnostics.EventDefinition`6.Log|Executed DbCommand (17ms) [Parameters=[], CommandType='Text', CommandTimeout='30']
SELECT OBJECT_ID(N'[__EFMigrationsHistory]');|
2022-04-19 11:25:42.1478|INFO|Microsoft.EntityFrameworkCore.Diagnostics.EventDefinition`6.Log|Executed DbCommand (3ms) [Parameters=[], CommandType='Text', CommandTimeout='30']
SELECT 1|
2022-04-19 11:25:42.1478|INFO|Microsoft.EntityFrameworkCore.Diagnostics.EventDefinition`6.Log|Executed DbCommand (2ms) [Parameters=[], CommandType='Text', CommandTimeout='30']
SELECT OBJECT_ID(N'[__EFMigrationsHistory]');|
2022-04-19 11:25:42.1677|INFO|Microsoft.EntityFrameworkCore.Diagnostics.EventDefinition`6.Log|Executed DbCommand (3ms) [Parameters=[], CommandType='Text', CommandTimeout='30']
SELECT [MigrationId], [ProductVersion]
FROM [__EFMigrationsHistory]
ORDER BY [MigrationId];|
2022-04-19 11:25:42.1837|INFO|Microsoft.EntityFrameworkCore.Diagnostics.EventDefinition.Log|No migrations were applied. The database is already up to date.|
2022-04-19 11:25:42.4259|INFO|Microsoft.EntityFrameworkCore.Diagnostics.EventDefinition`6.Log|Executed DbCommand (27ms) [Parameters=[], CommandType='Text', CommandTimeout='30']
SELECT CASE
    WHEN EXISTS (
        SELECT 1
        FROM [AspNetRoles] AS [a]) THEN CAST(1 AS bit)
    ELSE CAST(0 AS bit)
END|
2022-04-19 11:25:42.5402|INFO|Microsoft.Extensions.Hosting.Internal.ConsoleLifetime.OnApplicationStarted|Application started. Press Ctrl+C to shut down.|
2022-04-19 11:25:42.5402|INFO|Microsoft.Extensions.Hosting.Internal.ConsoleLifetime.OnApplicationStarted|Hosting environment: Development|
2022-04-19 11:25:42.5402|INFO|Microsoft.Extensions.Hosting.Internal.ConsoleLifetime.OnApplicationStarted|Content root path: D:\Learning\Projects\Learn SignalR\SignalRWithUsers\SignalRWithUsers\WebUI\|
2022-04-19 11:26:15.0586|INFO|Microsoft.EntityFrameworkCore.Diagnostics.EventDefinition`5.Log|Entity Framework Core 6.0.3 initialized 'ApplicationDbContext' using provider 'Microsoft.EntityFrameworkCore.SqlServer:6.0.3' with options: None|
2022-04-19 11:26:15.4122|INFO|Microsoft.EntityFrameworkCore.Diagnostics.EventDefinition`6.Log|Executed DbCommand (47ms) [Parameters=[@p0='?' (DbType = Guid), @p1='?' (Size = 4000), @p2='?' (Size = 4000), @p3='?' (Size = 200)], CommandType='Text', CommandTimeout='30']
SET NOCOUNT ON;
INSERT INTO [Employees] ([EmployeeId], [Address], [Email], [FullName])
VALUES (@p0, @p1, @p2, @p3);|
2022-04-19 11:26:15.5005|INFO|Microsoft.EntityFrameworkCore.Diagnostics.EventDefinition`6.Log|Executed DbCommand (5ms) [Parameters=[], CommandType='Text', CommandTimeout='30']
SELECT [a].[Id], [a].[ConcurrencyStamp], [a].[Name], [a].[NormalizedName], [a].[Type]
FROM [AspNetRoles] AS [a]|
2022-04-19 11:26:15.6179|INFO|Microsoft.EntityFrameworkCore.Diagnostics.EventDefinition`6.Log|Executed DbCommand (7ms) [Parameters=[@__normalizedUserName_0='?' (Size = 256)], CommandType='Text', CommandTimeout='30']
SELECT TOP(1) [a].[Id], [a].[AccessFailedCount], [a].[ConcurrencyStamp], [a].[Email], [a].[EmailConfirmed], [a].[EmployeesId], [a].[Fullname], [a].[IsActive], [a].[LockoutEnabled], [a].[LockoutEnd], [a].[NormalizedEmail], [a].[NormalizedUserName], [a].[PasswordHash], [a].[PhoneNumber], [a].[PhoneNumberConfirmed], [a].[SecurityStamp], [a].[TwoFactorEnabled], [a].[UserName], [a].[UserType]
FROM [AspNetUsers] AS [a]
WHERE [a].[NormalizedUserName] = @__normalizedUserName_0|
2022-04-19 11:26:15.7179|INFO|Microsoft.EntityFrameworkCore.Diagnostics.EventDefinition`6.Log|Executed DbCommand (6ms) [Parameters=[@p0='?' (Size = 450), @p1='?' (DbType = Int32), @p2='?' (Size = 4000), @p3='?' (Size = 256), @p4='?' (DbType = Boolean), @p5='?' (DbType = Guid), @p6='?' (Size = 4000), @p7='?' (DbType = Boolean), @p8='?' (DbType = Boolean), @p9='?' (DbType = DateTimeOffset), @p10='?' (Size = 256), @p11='?' (Size = 256), @p12='?' (Size = 4000), @p13='?' (Size = 4000), @p14='?' (DbType = Boolean), @p15='?' (Size = 4000), @p16='?' (DbType = Boolean), @p17='?' (Size = 256), @p18='?' (DbType = Int32)], CommandType='Text', CommandTimeout='30']
SET NOCOUNT ON;
INSERT INTO [AspNetUsers] ([Id], [AccessFailedCount], [ConcurrencyStamp], [Email], [EmailConfirmed], [EmployeesId], [Fullname], [IsActive], [LockoutEnabled], [LockoutEnd], [NormalizedEmail], [NormalizedUserName], [PasswordHash], [PhoneNumber], [PhoneNumberConfirmed], [SecurityStamp], [TwoFactorEnabled], [UserName], [UserType])
VALUES (@p0, @p1, @p2, @p3, @p4, @p5, @p6, @p7, @p8, @p9, @p10, @p11, @p12, @p13, @p14, @p15, @p16, @p17, @p18);|
2022-04-19 11:26:15.7435|INFO|Microsoft.EntityFrameworkCore.Diagnostics.EventDefinition`6.Log|Executed DbCommand (5ms) [Parameters=[@__normalizedRoleName_0='?' (Size = 256)], CommandType='Text', CommandTimeout='30']
SELECT TOP(2) [a].[Id], [a].[ConcurrencyStamp], [a].[Name], [a].[NormalizedName], [a].[Type]
FROM [AspNetRoles] AS [a]
WHERE [a].[NormalizedName] = @__normalizedRoleName_0|
2022-04-19 11:26:15.7813|INFO|Microsoft.EntityFrameworkCore.Diagnostics.EventDefinition`6.Log|Executed DbCommand (5ms) [Parameters=[@__p_0='?' (Size = 450), @__p_1='?' (Size = 450)], CommandType='Text', CommandTimeout='30']
SELECT TOP(1) [a].[UserId], [a].[RoleId]
FROM [AspNetUserRoles] AS [a]
WHERE ([a].[UserId] = @__p_0) AND ([a].[RoleId] = @__p_1)|
2022-04-19 11:26:15.7952|INFO|Microsoft.EntityFrameworkCore.Diagnostics.EventDefinition`6.Log|Executed DbCommand (3ms) [Parameters=[@__normalizedRoleName_0='?' (Size = 256)], CommandType='Text', CommandTimeout='30']
SELECT TOP(2) [a].[Id], [a].[ConcurrencyStamp], [a].[Name], [a].[NormalizedName], [a].[Type]
FROM [AspNetRoles] AS [a]
WHERE [a].[NormalizedName] = @__normalizedRoleName_0|
2022-04-19 11:26:15.8314|INFO|Microsoft.EntityFrameworkCore.Diagnostics.EventDefinition`6.Log|Executed DbCommand (3ms) [Parameters=[@__normalizedUserName_0='?' (Size = 256)], CommandType='Text', CommandTimeout='30']
SELECT TOP(1) [a].[Id], [a].[AccessFailedCount], [a].[ConcurrencyStamp], [a].[Email], [a].[EmailConfirmed], [a].[EmployeesId], [a].[Fullname], [a].[IsActive], [a].[LockoutEnabled], [a].[LockoutEnd], [a].[NormalizedEmail], [a].[NormalizedUserName], [a].[PasswordHash], [a].[PhoneNumber], [a].[PhoneNumberConfirmed], [a].[SecurityStamp], [a].[TwoFactorEnabled], [a].[UserName], [a].[UserType]
FROM [AspNetUsers] AS [a]
WHERE [a].[NormalizedUserName] = @__normalizedUserName_0|
2022-04-19 11:26:15.8617|INFO|Microsoft.EntityFrameworkCore.Diagnostics.EventDefinition`6.Log|Executed DbCommand (7ms) [Parameters=[@p0='?' (Size = 450), @p1='?' (Size = 450)], CommandType='Text', CommandTimeout='30']
SET NOCOUNT ON;
INSERT INTO [AspNetUserRoles] ([RoleId], [UserId])
VALUES (@p0, @p1);|
2022-04-19 11:26:15.8724|INFO|Microsoft.EntityFrameworkCore.Diagnostics.EventDefinition`6.Log|Executed DbCommand (7ms) [Parameters=[@p18='?' (Size = 450), @p0='?' (DbType = Int32), @p1='?' (Size = 4000), @p19='?' (Size = 4000), @p2='?' (Size = 256), @p3='?' (DbType = Boolean), @p4='?' (DbType = Guid), @p5='?' (Size = 4000), @p6='?' (DbType = Boolean), @p7='?' (DbType = Boolean), @p8='?' (DbType = DateTimeOffset), @p9='?' (Size = 256), @p10='?' (Size = 256), @p11='?' (Size = 4000), @p12='?' (Size = 4000), @p13='?' (DbType = Boolean), @p14='?' (Size = 4000), @p15='?' (DbType = Boolean), @p16='?' (Size = 256), @p17='?' (DbType = Int32)], CommandType='Text', CommandTimeout='30']
SET NOCOUNT ON;
UPDATE [AspNetUsers] SET [AccessFailedCount] = @p0, [ConcurrencyStamp] = @p1, [Email] = @p2, [EmailConfirmed] = @p3, [EmployeesId] = @p4, [Fullname] = @p5, [IsActive] = @p6, [LockoutEnabled] = @p7, [LockoutEnd] = @p8, [NormalizedEmail] = @p9, [NormalizedUserName] = @p10, [PasswordHash] = @p11, [PhoneNumber] = @p12, [PhoneNumberConfirmed] = @p13, [SecurityStamp] = @p14, [TwoFactorEnabled] = @p15, [UserName] = @p16, [UserType] = @p17
WHERE [Id] = @p18 AND [ConcurrencyStamp] = @p19;
SELECT @@ROWCOUNT;|
2022-04-19 11:26:37.1662|INFO|Microsoft.EntityFrameworkCore.Diagnostics.EventDefinition`5.Log|Entity Framework Core 6.0.3 initialized 'ApplicationDbContext' using provider 'Microsoft.EntityFrameworkCore.SqlServer:6.0.3' with options: None|
2022-04-19 11:26:37.1662|INFO|Microsoft.EntityFrameworkCore.Diagnostics.EventDefinition`6.Log|Executed DbCommand (4ms) [Parameters=[@__normalizedUserName_0='?' (Size = 256)], CommandType='Text', CommandTimeout='30']
SELECT TOP(1) [a].[Id], [a].[AccessFailedCount], [a].[ConcurrencyStamp], [a].[Email], [a].[EmailConfirmed], [a].[EmployeesId], [a].[Fullname], [a].[IsActive], [a].[LockoutEnabled], [a].[LockoutEnd], [a].[NormalizedEmail], [a].[NormalizedUserName], [a].[PasswordHash], [a].[PhoneNumber], [a].[PhoneNumberConfirmed], [a].[SecurityStamp], [a].[TwoFactorEnabled], [a].[UserName], [a].[UserType]
FROM [AspNetUsers] AS [a]
WHERE [a].[NormalizedUserName] = @__normalizedUserName_0|
2022-04-19 11:27:27.9870|INFO|Microsoft.EntityFrameworkCore.Diagnostics.EventDefinition`5.Log|Entity Framework Core 6.0.3 initialized 'ApplicationDbContext' using provider 'Microsoft.EntityFrameworkCore.SqlServer:6.0.3' with options: None|
2022-04-19 11:27:29.0896|INFO|Microsoft.EntityFrameworkCore.Diagnostics.EventDefinition`6.Log|Executed DbCommand (18ms) [Parameters=[], CommandType='Text', CommandTimeout='30']
SELECT 1|
2022-04-19 11:27:29.1231|INFO|Microsoft.EntityFrameworkCore.Diagnostics.EventDefinition`6.Log|Executed DbCommand (21ms) [Parameters=[], CommandType='Text', CommandTimeout='30']
SELECT OBJECT_ID(N'[__EFMigrationsHistory]');|
2022-04-19 11:27:29.1300|INFO|Microsoft.EntityFrameworkCore.Diagnostics.EventDefinition`6.Log|Executed DbCommand (3ms) [Parameters=[], CommandType='Text', CommandTimeout='30']
SELECT 1|
2022-04-19 11:27:29.1300|INFO|Microsoft.EntityFrameworkCore.Diagnostics.EventDefinition`6.Log|Executed DbCommand (2ms) [Parameters=[], CommandType='Text', CommandTimeout='30']
SELECT OBJECT_ID(N'[__EFMigrationsHistory]');|
2022-04-19 11:27:29.1555|INFO|Microsoft.EntityFrameworkCore.Diagnostics.EventDefinition`6.Log|Executed DbCommand (5ms) [Parameters=[], CommandType='Text', CommandTimeout='30']
SELECT [MigrationId], [ProductVersion]
FROM [__EFMigrationsHistory]
ORDER BY [MigrationId];|
2022-04-19 11:27:29.1713|INFO|Microsoft.EntityFrameworkCore.Diagnostics.EventDefinition.Log|No migrations were applied. The database is already up to date.|
2022-04-19 11:27:29.6138|INFO|Microsoft.EntityFrameworkCore.Diagnostics.EventDefinition`6.Log|Executed DbCommand (5ms) [Parameters=[], CommandType='Text', CommandTimeout='30']
SELECT CASE
    WHEN EXISTS (
        SELECT 1
        FROM [AspNetRoles] AS [a]) THEN CAST(1 AS bit)
    ELSE CAST(0 AS bit)
END|
2022-04-19 11:27:29.9735|INFO|Microsoft.Extensions.Hosting.Internal.ConsoleLifetime.OnApplicationStarted|Application started. Press Ctrl+C to shut down.|
2022-04-19 11:27:29.9735|INFO|Microsoft.Extensions.Hosting.Internal.ConsoleLifetime.OnApplicationStarted|Hosting environment: Development|
2022-04-19 11:27:29.9735|INFO|Microsoft.Extensions.Hosting.Internal.ConsoleLifetime.OnApplicationStarted|Content root path: D:\Learning\Projects\Learn SignalR\SignalRWithUsers\SignalRWithUsers\WebUI\|
2022-04-19 11:28:22.5365|INFO|Microsoft.EntityFrameworkCore.Diagnostics.EventDefinition`5.Log|Entity Framework Core 6.0.3 initialized 'ApplicationDbContext' using provider 'Microsoft.EntityFrameworkCore.SqlServer:6.0.3' with options: None|
2022-04-19 11:28:22.7968|INFO|Microsoft.EntityFrameworkCore.Diagnostics.EventDefinition`6.Log|Executed DbCommand (40ms) [Parameters=[@p0='?' (DbType = Guid), @p1='?' (Size = 4000), @p2='?' (Size = 4000), @p3='?' (Size = 200)], CommandType='Text', CommandTimeout='30']
SET NOCOUNT ON;
INSERT INTO [Employees] ([EmployeeId], [Address], [Email], [FullName])
VALUES (@p0, @p1, @p2, @p3);|
2022-04-19 11:28:22.8609|INFO|Microsoft.EntityFrameworkCore.Diagnostics.EventDefinition`6.Log|Executed DbCommand (3ms) [Parameters=[], CommandType='Text', CommandTimeout='30']
SELECT [a].[Id], [a].[ConcurrencyStamp], [a].[Name], [a].[NormalizedName], [a].[Type]
FROM [AspNetRoles] AS [a]|
2022-04-19 11:28:22.9632|INFO|Microsoft.EntityFrameworkCore.Diagnostics.EventDefinition`6.Log|Executed DbCommand (9ms) [Parameters=[@__normalizedUserName_0='?' (Size = 256)], CommandType='Text', CommandTimeout='30']
SELECT TOP(1) [a].[Id], [a].[AccessFailedCount], [a].[ConcurrencyStamp], [a].[Email], [a].[EmailConfirmed], [a].[EmployeesId], [a].[Fullname], [a].[IsActive], [a].[LockoutEnabled], [a].[LockoutEnd], [a].[NormalizedEmail], [a].[NormalizedUserName], [a].[PasswordHash], [a].[PhoneNumber], [a].[PhoneNumberConfirmed], [a].[SecurityStamp], [a].[TwoFactorEnabled], [a].[UserName], [a].[UserType]
FROM [AspNetUsers] AS [a]
WHERE [a].[NormalizedUserName] = @__normalizedUserName_0|
2022-04-19 11:28:23.0344|INFO|Microsoft.EntityFrameworkCore.Diagnostics.EventDefinition`6.Log|Executed DbCommand (7ms) [Parameters=[@p0='?' (Size = 450), @p1='?' (DbType = Int32), @p2='?' (Size = 4000), @p3='?' (Size = 256), @p4='?' (DbType = Boolean), @p5='?' (DbType = Guid), @p6='?' (Size = 4000), @p7='?' (DbType = Boolean), @p8='?' (DbType = Boolean), @p9='?' (DbType = DateTimeOffset), @p10='?' (Size = 256), @p11='?' (Size = 256), @p12='?' (Size = 4000), @p13='?' (Size = 4000), @p14='?' (DbType = Boolean), @p15='?' (Size = 4000), @p16='?' (DbType = Boolean), @p17='?' (Size = 256), @p18='?' (DbType = Int32)], CommandType='Text', CommandTimeout='30']
SET NOCOUNT ON;
INSERT INTO [AspNetUsers] ([Id], [AccessFailedCount], [ConcurrencyStamp], [Email], [EmailConfirmed], [EmployeesId], [Fullname], [IsActive], [LockoutEnabled], [LockoutEnd], [NormalizedEmail], [NormalizedUserName], [PasswordHash], [PhoneNumber], [PhoneNumberConfirmed], [SecurityStamp], [TwoFactorEnabled], [UserName], [UserType])
VALUES (@p0, @p1, @p2, @p3, @p4, @p5, @p6, @p7, @p8, @p9, @p10, @p11, @p12, @p13, @p14, @p15, @p16, @p17, @p18);|
2022-04-19 11:28:23.0562|INFO|Microsoft.EntityFrameworkCore.Diagnostics.EventDefinition`6.Log|Executed DbCommand (3ms) [Parameters=[@__normalizedRoleName_0='?' (Size = 256)], CommandType='Text', CommandTimeout='30']
SELECT TOP(2) [a].[Id], [a].[ConcurrencyStamp], [a].[Name], [a].[NormalizedName], [a].[Type]
FROM [AspNetRoles] AS [a]
WHERE [a].[NormalizedName] = @__normalizedRoleName_0|
2022-04-19 11:28:23.0777|INFO|Microsoft.EntityFrameworkCore.Diagnostics.EventDefinition`6.Log|Executed DbCommand (4ms) [Parameters=[@__p_0='?' (Size = 450), @__p_1='?' (Size = 450)], CommandType='Text', CommandTimeout='30']
SELECT TOP(1) [a].[UserId], [a].[RoleId]
FROM [AspNetUserRoles] AS [a]
WHERE ([a].[UserId] = @__p_0) AND ([a].[RoleId] = @__p_1)|
2022-04-19 11:28:23.0854|INFO|Microsoft.EntityFrameworkCore.Diagnostics.EventDefinition`6.Log|Executed DbCommand (2ms) [Parameters=[@__normalizedRoleName_0='?' (Size = 256)], CommandType='Text', CommandTimeout='30']
SELECT TOP(2) [a].[Id], [a].[ConcurrencyStamp], [a].[Name], [a].[NormalizedName], [a].[Type]
FROM [AspNetRoles] AS [a]
WHERE [a].[NormalizedName] = @__normalizedRoleName_0|
2022-04-19 11:28:23.1079|INFO|Microsoft.EntityFrameworkCore.Diagnostics.EventDefinition`6.Log|Executed DbCommand (2ms) [Parameters=[@__normalizedUserName_0='?' (Size = 256)], CommandType='Text', CommandTimeout='30']
SELECT TOP(1) [a].[Id], [a].[AccessFailedCount], [a].[ConcurrencyStamp], [a].[Email], [a].[EmailConfirmed], [a].[EmployeesId], [a].[Fullname], [a].[IsActive], [a].[LockoutEnabled], [a].[LockoutEnd], [a].[NormalizedEmail], [a].[NormalizedUserName], [a].[PasswordHash], [a].[PhoneNumber], [a].[PhoneNumberConfirmed], [a].[SecurityStamp], [a].[TwoFactorEnabled], [a].[UserName], [a].[UserType]
FROM [AspNetUsers] AS [a]
WHERE [a].[NormalizedUserName] = @__normalizedUserName_0|
2022-04-19 11:28:23.1248|INFO|Microsoft.EntityFrameworkCore.Diagnostics.EventDefinition`6.Log|Executed DbCommand (4ms) [Parameters=[@p0='?' (Size = 450), @p1='?' (Size = 450)], CommandType='Text', CommandTimeout='30']
SET NOCOUNT ON;
INSERT INTO [AspNetUserRoles] ([RoleId], [UserId])
VALUES (@p0, @p1);|
2022-04-19 11:28:23.1338|INFO|Microsoft.EntityFrameworkCore.Diagnostics.EventDefinition`6.Log|Executed DbCommand (6ms) [Parameters=[@p18='?' (Size = 450), @p0='?' (DbType = Int32), @p1='?' (Size = 4000), @p19='?' (Size = 4000), @p2='?' (Size = 256), @p3='?' (DbType = Boolean), @p4='?' (DbType = Guid), @p5='?' (Size = 4000), @p6='?' (DbType = Boolean), @p7='?' (DbType = Boolean), @p8='?' (DbType = DateTimeOffset), @p9='?' (Size = 256), @p10='?' (Size = 256), @p11='?' (Size = 4000), @p12='?' (Size = 4000), @p13='?' (DbType = Boolean), @p14='?' (Size = 4000), @p15='?' (DbType = Boolean), @p16='?' (Size = 256), @p17='?' (DbType = Int32)], CommandType='Text', CommandTimeout='30']
SET NOCOUNT ON;
UPDATE [AspNetUsers] SET [AccessFailedCount] = @p0, [ConcurrencyStamp] = @p1, [Email] = @p2, [EmailConfirmed] = @p3, [EmployeesId] = @p4, [Fullname] = @p5, [IsActive] = @p6, [LockoutEnabled] = @p7, [LockoutEnd] = @p8, [NormalizedEmail] = @p9, [NormalizedUserName] = @p10, [PasswordHash] = @p11, [PhoneNumber] = @p12, [PhoneNumberConfirmed] = @p13, [SecurityStamp] = @p14, [TwoFactorEnabled] = @p15, [UserName] = @p16, [UserType] = @p17
WHERE [Id] = @p18 AND [ConcurrencyStamp] = @p19;
SELECT @@ROWCOUNT;|
2022-04-19 11:29:01.9956|INFO|Microsoft.EntityFrameworkCore.Diagnostics.EventDefinition`5.Log|Entity Framework Core 6.0.3 initialized 'ApplicationDbContext' using provider 'Microsoft.EntityFrameworkCore.SqlServer:6.0.3' with options: None|
2022-04-19 11:29:02.0054|INFO|Microsoft.EntityFrameworkCore.Diagnostics.EventDefinition`6.Log|Executed DbCommand (4ms) [Parameters=[@__normalizedUserName_0='?' (Size = 256)], CommandType='Text', CommandTimeout='30']
SELECT TOP(1) [a].[Id], [a].[AccessFailedCount], [a].[ConcurrencyStamp], [a].[Email], [a].[EmailConfirmed], [a].[EmployeesId], [a].[Fullname], [a].[IsActive], [a].[LockoutEnabled], [a].[LockoutEnd], [a].[NormalizedEmail], [a].[NormalizedUserName], [a].[PasswordHash], [a].[PhoneNumber], [a].[PhoneNumberConfirmed], [a].[SecurityStamp], [a].[TwoFactorEnabled], [a].[UserName], [a].[UserType]
FROM [AspNetUsers] AS [a]
WHERE [a].[NormalizedUserName] = @__normalizedUserName_0|
2022-04-19 11:29:02.1180|INFO|Microsoft.EntityFrameworkCore.Diagnostics.EventDefinition`6.Log|Executed DbCommand (5ms) [Parameters=[@__userId_0='?' (Size = 450)], CommandType='Text', CommandTimeout='30']
SELECT [a0].[Name]
FROM [AspNetUserRoles] AS [a]
INNER JOIN [AspNetRoles] AS [a0] ON [a].[RoleId] = [a0].[Id]
WHERE [a].[UserId] = @__userId_0|
2022-04-19 11:29:02.1565|INFO|Microsoft.EntityFrameworkCore.Diagnostics.EventDefinition`6.Log|Executed DbCommand (4ms) [Parameters=[@__user_Id_0='?' (Size = 450)], CommandType='Text', CommandTimeout='30']
SELECT [a].[Id], [a].[ClaimType], [a].[ClaimValue], [a].[UserId]
FROM [AspNetUserClaims] AS [a]
WHERE [a].[UserId] = @__user_Id_0|
2022-04-19 11:29:02.4462|INFO|Microsoft.EntityFrameworkCore.Diagnostics.EventDefinition`6.Log|Executed DbCommand (4ms) [Parameters=[@__identityUser_Email_0='?' (Size = 4000)], CommandType='Text', CommandTimeout='30']
SELECT TOP(1) [e].[EmployeeId], [e].[Address], [e].[Email], [e].[FullName]
FROM [Employees] AS [e]
WHERE [e].[Email] = @__identityUser_Email_0|
2022-04-19 11:29:14.6782|INFO|Microsoft.EntityFrameworkCore.Diagnostics.EventDefinition`5.Log|Entity Framework Core 6.0.3 initialized 'ApplicationDbContext' using provider 'Microsoft.EntityFrameworkCore.SqlServer:6.0.3' with options: None|
2022-04-19 11:29:14.6782|INFO|Microsoft.EntityFrameworkCore.Diagnostics.EventDefinition`6.Log|Executed DbCommand (3ms) [Parameters=[@__normalizedUserName_0='?' (Size = 256)], CommandType='Text', CommandTimeout='30']
SELECT TOP(1) [a].[Id], [a].[AccessFailedCount], [a].[ConcurrencyStamp], [a].[Email], [a].[EmailConfirmed], [a].[EmployeesId], [a].[Fullname], [a].[IsActive], [a].[LockoutEnabled], [a].[LockoutEnd], [a].[NormalizedEmail], [a].[NormalizedUserName], [a].[PasswordHash], [a].[PhoneNumber], [a].[PhoneNumberConfirmed], [a].[SecurityStamp], [a].[TwoFactorEnabled], [a].[UserName], [a].[UserType]
FROM [AspNetUsers] AS [a]
WHERE [a].[NormalizedUserName] = @__normalizedUserName_0|
2022-04-19 11:30:00.9757|INFO|Microsoft.EntityFrameworkCore.Diagnostics.EventDefinition`5.Log|Entity Framework Core 6.0.3 initialized 'ApplicationDbContext' using provider 'Microsoft.EntityFrameworkCore.SqlServer:6.0.3' with options: None|
2022-04-19 11:30:00.9937|INFO|Microsoft.EntityFrameworkCore.Diagnostics.EventDefinition`6.Log|Executed DbCommand (15ms) [Parameters=[@__normalizedUserName_0='?' (Size = 256)], CommandType='Text', CommandTimeout='30']
SELECT TOP(1) [a].[Id], [a].[AccessFailedCount], [a].[ConcurrencyStamp], [a].[Email], [a].[EmailConfirmed], [a].[EmployeesId], [a].[Fullname], [a].[IsActive], [a].[LockoutEnabled], [a].[LockoutEnd], [a].[NormalizedEmail], [a].[NormalizedUserName], [a].[PasswordHash], [a].[PhoneNumber], [a].[PhoneNumberConfirmed], [a].[SecurityStamp], [a].[TwoFactorEnabled], [a].[UserName], [a].[UserType]
FROM [AspNetUsers] AS [a]
WHERE [a].[NormalizedUserName] = @__normalizedUserName_0|
2022-04-19 11:30:01.0406|INFO|Microsoft.EntityFrameworkCore.Diagnostics.EventDefinition`6.Log|Executed DbCommand (3ms) [Parameters=[@__userId_0='?' (Size = 450)], CommandType='Text', CommandTimeout='30']
SELECT [a0].[Name]
FROM [AspNetUserRoles] AS [a]
INNER JOIN [AspNetRoles] AS [a0] ON [a].[RoleId] = [a0].[Id]
WHERE [a].[UserId] = @__userId_0|
2022-04-19 11:30:01.0406|INFO|Microsoft.EntityFrameworkCore.Diagnostics.EventDefinition`6.Log|Executed DbCommand (4ms) [Parameters=[@__user_Id_0='?' (Size = 450)], CommandType='Text', CommandTimeout='30']
SELECT [a].[Id], [a].[ClaimType], [a].[ClaimValue], [a].[UserId]
FROM [AspNetUserClaims] AS [a]
WHERE [a].[UserId] = @__user_Id_0|
2022-04-19 11:30:01.0529|INFO|Microsoft.EntityFrameworkCore.Diagnostics.EventDefinition`6.Log|Executed DbCommand (3ms) [Parameters=[@__identityUser_Email_0='?' (Size = 4000)], CommandType='Text', CommandTimeout='30']
SELECT TOP(1) [e].[EmployeeId], [e].[Address], [e].[Email], [e].[FullName]
FROM [Employees] AS [e]
WHERE [e].[Email] = @__identityUser_Email_0|
