2022-04-26 10:02:15.0841|INFO|Microsoft.EntityFrameworkCore.Diagnostics.EventDefinition`5.Log|Entity Framework Core 6.0.3 initialized 'ApplicationDbContext' using provider 'Microsoft.EntityFrameworkCore.SqlServer:6.0.3' with options: None|
2022-04-26 10:02:16.0782|INFO|Microsoft.EntityFrameworkCore.Diagnostics.EventDefinition`6.Log|Executed DbCommand (33ms) [Parameters=[], CommandType='Text', CommandTimeout='30']
SELECT 1|
2022-04-26 10:02:16.1320|INFO|Microsoft.EntityFrameworkCore.Diagnostics.EventDefinition`6.Log|Executed DbCommand (29ms) [Parameters=[], CommandType='Text', CommandTimeout='30']
SELECT OBJECT_ID(N'[__EFMigrationsHistory]');|
2022-04-26 10:02:16.1320|INFO|Microsoft.EntityFrameworkCore.Diagnostics.EventDefinition`6.Log|Executed DbCommand (4ms) [Parameters=[], CommandType='Text', CommandTimeout='30']
SELECT 1|
2022-04-26 10:02:16.1320|INFO|Microsoft.EntityFrameworkCore.Diagnostics.EventDefinition`6.Log|Executed DbCommand (2ms) [Parameters=[], CommandType='Text', CommandTimeout='30']
SELECT OBJECT_ID(N'[__EFMigrationsHistory]');|
2022-04-26 10:02:16.1689|INFO|Microsoft.EntityFrameworkCore.Diagnostics.EventDefinition`6.Log|Executed DbCommand (5ms) [Parameters=[], CommandType='Text', CommandTimeout='30']
SELECT [MigrationId], [ProductVersion]
FROM [__EFMigrationsHistory]
ORDER BY [MigrationId];|
2022-04-26 10:02:16.1921|INFO|Microsoft.EntityFrameworkCore.Diagnostics.EventDefinition.Log|No migrations were applied. The database is already up to date.|
2022-04-26 10:02:16.7393|INFO|Microsoft.EntityFrameworkCore.Diagnostics.EventDefinition`6.Log|Executed DbCommand (6ms) [Parameters=[], CommandType='Text', CommandTimeout='30']
SELECT CASE
    WHEN EXISTS (
        SELECT 1
        FROM [AspNetRoles] AS [a]) THEN CAST(1 AS bit)
    ELSE CAST(0 AS bit)
END|
2022-04-26 10:02:17.4063|INFO|Microsoft.Extensions.Hosting.Internal.ConsoleLifetime.OnApplicationStarted|Application started. Press Ctrl+C to shut down.|
2022-04-26 10:02:17.4063|INFO|Microsoft.Extensions.Hosting.Internal.ConsoleLifetime.OnApplicationStarted|Hosting environment: Development|
2022-04-26 10:02:17.4063|INFO|Microsoft.Extensions.Hosting.Internal.ConsoleLifetime.OnApplicationStarted|Content root path: D:\Learning\Projects\Learn SignalR\SignalRWithUsers\SignalRWithUsers\WebUI\|
2022-04-26 10:03:01.9228|INFO|Microsoft.EntityFrameworkCore.Diagnostics.EventDefinition`5.Log|Entity Framework Core 6.0.3 initialized 'ApplicationDbContext' using provider 'Microsoft.EntityFrameworkCore.SqlServer:6.0.3' with options: None|
2022-04-26 10:03:02.2873|INFO|Microsoft.EntityFrameworkCore.Diagnostics.EventDefinition`6.Log|Executed DbCommand (82ms) [Parameters=[@p0='?' (DbType = Guid), @p1='?' (Size = 4000), @p2='?' (Size = 4000), @p3='?' (Size = 200)], CommandType='Text', CommandTimeout='30']
SET NOCOUNT ON;
INSERT INTO [Employees] ([EmployeeId], [Address], [Email], [FullName])
VALUES (@p0, @p1, @p2, @p3);|
2022-04-26 10:03:02.3822|INFO|Microsoft.EntityFrameworkCore.Diagnostics.EventDefinition`6.Log|Executed DbCommand (5ms) [Parameters=[], CommandType='Text', CommandTimeout='30']
SELECT [a].[Id], [a].[ConcurrencyStamp], [a].[Name], [a].[NormalizedName], [a].[Type]
FROM [AspNetRoles] AS [a]|
2022-04-26 10:03:02.5692|INFO|Microsoft.EntityFrameworkCore.Diagnostics.EventDefinition`6.Log|Executed DbCommand (10ms) [Parameters=[@__normalizedUserName_0='?' (Size = 256)], CommandType='Text', CommandTimeout='30']
SELECT TOP(1) [a].[Id], [a].[AccessFailedCount], [a].[ConcurrencyStamp], [a].[Email], [a].[EmailConfirmed], [a].[EmployeesId], [a].[Fullname], [a].[IsActive], [a].[LockoutEnabled], [a].[LockoutEnd], [a].[NormalizedEmail], [a].[NormalizedUserName], [a].[PasswordHash], [a].[PhoneNumber], [a].[PhoneNumberConfirmed], [a].[SecurityStamp], [a].[TwoFactorEnabled], [a].[UserName], [a].[UserType]
FROM [AspNetUsers] AS [a]
WHERE [a].[NormalizedUserName] = @__normalizedUserName_0|
2022-04-26 10:03:02.7296|INFO|Microsoft.EntityFrameworkCore.Diagnostics.EventDefinition`6.Log|Executed DbCommand (9ms) [Parameters=[@p0='?' (Size = 450), @p1='?' (DbType = Int32), @p2='?' (Size = 4000), @p3='?' (Size = 256), @p4='?' (DbType = Boolean), @p5='?' (DbType = Guid), @p6='?' (Size = 4000), @p7='?' (DbType = Boolean), @p8='?' (DbType = Boolean), @p9='?' (DbType = DateTimeOffset), @p10='?' (Size = 256), @p11='?' (Size = 256), @p12='?' (Size = 4000), @p13='?' (Size = 4000), @p14='?' (DbType = Boolean), @p15='?' (Size = 4000), @p16='?' (DbType = Boolean), @p17='?' (Size = 256), @p18='?' (DbType = Int32)], CommandType='Text', CommandTimeout='30']
SET NOCOUNT ON;
INSERT INTO [AspNetUsers] ([Id], [AccessFailedCount], [ConcurrencyStamp], [Email], [EmailConfirmed], [EmployeesId], [Fullname], [IsActive], [LockoutEnabled], [LockoutEnd], [NormalizedEmail], [NormalizedUserName], [PasswordHash], [PhoneNumber], [PhoneNumberConfirmed], [SecurityStamp], [TwoFactorEnabled], [UserName], [UserType])
VALUES (@p0, @p1, @p2, @p3, @p4, @p5, @p6, @p7, @p8, @p9, @p10, @p11, @p12, @p13, @p14, @p15, @p16, @p17, @p18);|
2022-04-26 10:03:02.7645|INFO|Microsoft.EntityFrameworkCore.Diagnostics.EventDefinition`6.Log|Executed DbCommand (5ms) [Parameters=[@__normalizedRoleName_0='?' (Size = 256)], CommandType='Text', CommandTimeout='30']
SELECT TOP(2) [a].[Id], [a].[ConcurrencyStamp], [a].[Name], [a].[NormalizedName], [a].[Type]
FROM [AspNetRoles] AS [a]
WHERE [a].[NormalizedName] = @__normalizedRoleName_0|
2022-04-26 10:03:02.8052|INFO|Microsoft.EntityFrameworkCore.Diagnostics.EventDefinition`6.Log|Executed DbCommand (6ms) [Parameters=[@__p_0='?' (Size = 450), @__p_1='?' (Size = 450)], CommandType='Text', CommandTimeout='30']
SELECT TOP(1) [a].[UserId], [a].[RoleId]
FROM [AspNetUserRoles] AS [a]
WHERE ([a].[UserId] = @__p_0) AND ([a].[RoleId] = @__p_1)|
2022-04-26 10:03:02.8177|INFO|Microsoft.EntityFrameworkCore.Diagnostics.EventDefinition`6.Log|Executed DbCommand (3ms) [Parameters=[@__normalizedRoleName_0='?' (Size = 256)], CommandType='Text', CommandTimeout='30']
SELECT TOP(2) [a].[Id], [a].[ConcurrencyStamp], [a].[Name], [a].[NormalizedName], [a].[Type]
FROM [AspNetRoles] AS [a]
WHERE [a].[NormalizedName] = @__normalizedRoleName_0|
2022-04-26 10:03:02.8570|INFO|Microsoft.EntityFrameworkCore.Diagnostics.EventDefinition`6.Log|Executed DbCommand (4ms) [Parameters=[@__normalizedUserName_0='?' (Size = 256)], CommandType='Text', CommandTimeout='30']
SELECT TOP(1) [a].[Id], [a].[AccessFailedCount], [a].[ConcurrencyStamp], [a].[Email], [a].[EmailConfirmed], [a].[EmployeesId], [a].[Fullname], [a].[IsActive], [a].[LockoutEnabled], [a].[LockoutEnd], [a].[NormalizedEmail], [a].[NormalizedUserName], [a].[PasswordHash], [a].[PhoneNumber], [a].[PhoneNumberConfirmed], [a].[SecurityStamp], [a].[TwoFactorEnabled], [a].[UserName], [a].[UserType]
FROM [AspNetUsers] AS [a]
WHERE [a].[NormalizedUserName] = @__normalizedUserName_0|
2022-04-26 10:03:02.8921|INFO|Microsoft.EntityFrameworkCore.Diagnostics.EventDefinition`6.Log|Executed DbCommand (5ms) [Parameters=[@p0='?' (Size = 450), @p1='?' (Size = 450)], CommandType='Text', CommandTimeout='30']
SET NOCOUNT ON;
INSERT INTO [AspNetUserRoles] ([RoleId], [UserId])
VALUES (@p0, @p1);|
2022-04-26 10:03:02.9069|INFO|Microsoft.EntityFrameworkCore.Diagnostics.EventDefinition`6.Log|Executed DbCommand (9ms) [Parameters=[@p18='?' (Size = 450), @p0='?' (DbType = Int32), @p1='?' (Size = 4000), @p19='?' (Size = 4000), @p2='?' (Size = 256), @p3='?' (DbType = Boolean), @p4='?' (DbType = Guid), @p5='?' (Size = 4000), @p6='?' (DbType = Boolean), @p7='?' (DbType = Boolean), @p8='?' (DbType = DateTimeOffset), @p9='?' (Size = 256), @p10='?' (Size = 256), @p11='?' (Size = 4000), @p12='?' (Size = 4000), @p13='?' (DbType = Boolean), @p14='?' (Size = 4000), @p15='?' (DbType = Boolean), @p16='?' (Size = 256), @p17='?' (DbType = Int32)], CommandType='Text', CommandTimeout='30']
SET NOCOUNT ON;
UPDATE [AspNetUsers] SET [AccessFailedCount] = @p0, [ConcurrencyStamp] = @p1, [Email] = @p2, [EmailConfirmed] = @p3, [EmployeesId] = @p4, [Fullname] = @p5, [IsActive] = @p6, [LockoutEnabled] = @p7, [LockoutEnd] = @p8, [NormalizedEmail] = @p9, [NormalizedUserName] = @p10, [PasswordHash] = @p11, [PhoneNumber] = @p12, [PhoneNumberConfirmed] = @p13, [SecurityStamp] = @p14, [TwoFactorEnabled] = @p15, [UserName] = @p16, [UserType] = @p17
WHERE [Id] = @p18 AND [ConcurrencyStamp] = @p19;
SELECT @@ROWCOUNT;|
2022-04-26 10:03:24.1009|INFO|Microsoft.EntityFrameworkCore.Diagnostics.EventDefinition`5.Log|Entity Framework Core 6.0.3 initialized 'ApplicationDbContext' using provider 'Microsoft.EntityFrameworkCore.SqlServer:6.0.3' with options: None|
2022-04-26 10:03:24.1009|INFO|Microsoft.EntityFrameworkCore.Diagnostics.EventDefinition`6.Log|Executed DbCommand (3ms) [Parameters=[@__normalizedUserName_0='?' (Size = 256)], CommandType='Text', CommandTimeout='30']
SELECT TOP(1) [a].[Id], [a].[AccessFailedCount], [a].[ConcurrencyStamp], [a].[Email], [a].[EmailConfirmed], [a].[EmployeesId], [a].[Fullname], [a].[IsActive], [a].[LockoutEnabled], [a].[LockoutEnd], [a].[NormalizedEmail], [a].[NormalizedUserName], [a].[PasswordHash], [a].[PhoneNumber], [a].[PhoneNumberConfirmed], [a].[SecurityStamp], [a].[TwoFactorEnabled], [a].[UserName], [a].[UserType]
FROM [AspNetUsers] AS [a]
WHERE [a].[NormalizedUserName] = @__normalizedUserName_0|
2022-04-26 10:03:24.1972|INFO|Microsoft.EntityFrameworkCore.Diagnostics.EventDefinition`6.Log|Executed DbCommand (6ms) [Parameters=[@__userId_0='?' (Size = 450)], CommandType='Text', CommandTimeout='30']
SELECT [a0].[Name]
FROM [AspNetUserRoles] AS [a]
INNER JOIN [AspNetRoles] AS [a0] ON [a].[RoleId] = [a0].[Id]
WHERE [a].[UserId] = @__userId_0|
2022-04-26 10:03:24.2241|INFO|Microsoft.EntityFrameworkCore.Diagnostics.EventDefinition`6.Log|Executed DbCommand (5ms) [Parameters=[@__user_Id_0='?' (Size = 450)], CommandType='Text', CommandTimeout='30']
SELECT [a].[Id], [a].[ClaimType], [a].[ClaimValue], [a].[UserId]
FROM [AspNetUserClaims] AS [a]
WHERE [a].[UserId] = @__user_Id_0|
2022-04-26 10:03:24.2833|INFO|Microsoft.EntityFrameworkCore.Diagnostics.EventDefinition`6.Log|Executed DbCommand (5ms) [Parameters=[@__identityUser_Email_0='?' (Size = 4000)], CommandType='Text', CommandTimeout='30']
SELECT TOP(1) [e].[EmployeeId], [e].[Address], [e].[Email], [e].[FullName]
FROM [Employees] AS [e]
WHERE [e].[Email] = @__identityUser_Email_0|
2022-04-26 10:04:22.8665|INFO|Microsoft.EntityFrameworkCore.Diagnostics.EventDefinition`5.Log|Entity Framework Core 6.0.3 initialized 'ApplicationDbContext' using provider 'Microsoft.EntityFrameworkCore.SqlServer:6.0.3' with options: None|
2022-04-26 10:04:22.8868|INFO|Microsoft.EntityFrameworkCore.Diagnostics.EventDefinition`6.Log|Executed DbCommand (4ms) [Parameters=[@__request_EmployeeId_0='?' (DbType = Guid)], CommandType='Text', CommandTimeout='30']
SELECT TOP(1) [e].[EmployeeId], [e].[Address], [e].[Email], [e].[FullName]
FROM [Employees] AS [e]
WHERE [e].[EmployeeId] = @__request_EmployeeId_0|
2022-04-26 10:05:03.9436|INFO|Microsoft.EntityFrameworkCore.Diagnostics.EventDefinition`5.Log|Entity Framework Core 6.0.3 initialized 'ApplicationDbContext' using provider 'Microsoft.EntityFrameworkCore.SqlServer:6.0.3' with options: None|
2022-04-26 10:05:03.9436|INFO|Microsoft.EntityFrameworkCore.Diagnostics.EventDefinition`6.Log|Executed DbCommand (4ms) [Parameters=[@__normalizedUserName_0='?' (Size = 256)], CommandType='Text', CommandTimeout='30']
SELECT TOP(1) [a].[Id], [a].[AccessFailedCount], [a].[ConcurrencyStamp], [a].[Email], [a].[EmailConfirmed], [a].[EmployeesId], [a].[Fullname], [a].[IsActive], [a].[LockoutEnabled], [a].[LockoutEnd], [a].[NormalizedEmail], [a].[NormalizedUserName], [a].[PasswordHash], [a].[PhoneNumber], [a].[PhoneNumberConfirmed], [a].[SecurityStamp], [a].[TwoFactorEnabled], [a].[UserName], [a].[UserType]
FROM [AspNetUsers] AS [a]
WHERE [a].[NormalizedUserName] = @__normalizedUserName_0|
2022-04-26 10:05:03.9617|INFO|Microsoft.EntityFrameworkCore.Diagnostics.EventDefinition`6.Log|Executed DbCommand (3ms) [Parameters=[@__userId_0='?' (Size = 450)], CommandType='Text', CommandTimeout='30']
SELECT [a0].[Name]
FROM [AspNetUserRoles] AS [a]
INNER JOIN [AspNetRoles] AS [a0] ON [a].[RoleId] = [a0].[Id]
WHERE [a].[UserId] = @__userId_0|
2022-04-26 10:05:03.9617|INFO|Microsoft.EntityFrameworkCore.Diagnostics.EventDefinition`6.Log|Executed DbCommand (3ms) [Parameters=[@__user_Id_0='?' (Size = 450)], CommandType='Text', CommandTimeout='30']
SELECT [a].[Id], [a].[ClaimType], [a].[ClaimValue], [a].[UserId]
FROM [AspNetUserClaims] AS [a]
WHERE [a].[UserId] = @__user_Id_0|
2022-04-26 10:05:03.9800|INFO|Microsoft.EntityFrameworkCore.Diagnostics.EventDefinition`6.Log|Executed DbCommand (3ms) [Parameters=[@__identityUser_Email_0='?' (Size = 4000)], CommandType='Text', CommandTimeout='30']
SELECT TOP(1) [e].[EmployeeId], [e].[Address], [e].[Email], [e].[FullName]
FROM [Employees] AS [e]
WHERE [e].[Email] = @__identityUser_Email_0|
2022-04-26 10:05:24.2610|INFO|Microsoft.EntityFrameworkCore.Diagnostics.EventDefinition`5.Log|Entity Framework Core 6.0.3 initialized 'ApplicationDbContext' using provider 'Microsoft.EntityFrameworkCore.SqlServer:6.0.3' with options: None|
2022-04-26 10:05:24.2697|INFO|Microsoft.EntityFrameworkCore.Diagnostics.EventDefinition`6.Log|Executed DbCommand (3ms) [Parameters=[], CommandType='Text', CommandTimeout='30']
SELECT [e].[EmployeeId], [e].[Address], [e].[Email], [e].[FullName]
FROM [Employees] AS [e]|
2022-04-26 10:36:26.7166|INFO|Microsoft.EntityFrameworkCore.Diagnostics.EventDefinition`5.Log|Entity Framework Core 6.0.3 initialized 'ApplicationDbContext' using provider 'Microsoft.EntityFrameworkCore.SqlServer:6.0.3' with options: None|
2022-04-26 10:36:27.6532|INFO|Microsoft.EntityFrameworkCore.Diagnostics.EventDefinition`6.Log|Executed DbCommand (39ms) [Parameters=[], CommandType='Text', CommandTimeout='30']
SELECT 1|
2022-04-26 10:36:27.7121|INFO|Microsoft.EntityFrameworkCore.Diagnostics.EventDefinition`6.Log|Executed DbCommand (34ms) [Parameters=[], CommandType='Text', CommandTimeout='30']
SELECT OBJECT_ID(N'[__EFMigrationsHistory]');|
2022-04-26 10:36:27.7121|INFO|Microsoft.EntityFrameworkCore.Diagnostics.EventDefinition`6.Log|Executed DbCommand (5ms) [Parameters=[], CommandType='Text', CommandTimeout='30']
SELECT 1|
2022-04-26 10:36:27.7245|INFO|Microsoft.EntityFrameworkCore.Diagnostics.EventDefinition`6.Log|Executed DbCommand (2ms) [Parameters=[], CommandType='Text', CommandTimeout='30']
SELECT OBJECT_ID(N'[__EFMigrationsHistory]');|
2022-04-26 10:36:27.7608|INFO|Microsoft.EntityFrameworkCore.Diagnostics.EventDefinition`6.Log|Executed DbCommand (7ms) [Parameters=[], CommandType='Text', CommandTimeout='30']
SELECT [MigrationId], [ProductVersion]
FROM [__EFMigrationsHistory]
ORDER BY [MigrationId];|
2022-04-26 10:36:27.7903|INFO|Microsoft.EntityFrameworkCore.Diagnostics.EventDefinition.Log|No migrations were applied. The database is already up to date.|
2022-04-26 10:36:28.4615|INFO|Microsoft.EntityFrameworkCore.Diagnostics.EventDefinition`6.Log|Executed DbCommand (7ms) [Parameters=[], CommandType='Text', CommandTimeout='30']
SELECT CASE
    WHEN EXISTS (
        SELECT 1
        FROM [AspNetRoles] AS [a]) THEN CAST(1 AS bit)
    ELSE CAST(0 AS bit)
END|
2022-04-26 10:38:25.4661|INFO|Microsoft.EntityFrameworkCore.Diagnostics.EventDefinition`5.Log|Entity Framework Core 6.0.3 initialized 'ApplicationDbContext' using provider 'Microsoft.EntityFrameworkCore.SqlServer:6.0.3' with options: None|
2022-04-26 10:38:26.2001|INFO|Microsoft.EntityFrameworkCore.Diagnostics.EventDefinition`6.Log|Executed DbCommand (26ms) [Parameters=[], CommandType='Text', CommandTimeout='30']
SELECT 1|
2022-04-26 10:38:26.2446|INFO|Microsoft.EntityFrameworkCore.Diagnostics.EventDefinition`6.Log|Executed DbCommand (26ms) [Parameters=[], CommandType='Text', CommandTimeout='30']
SELECT OBJECT_ID(N'[__EFMigrationsHistory]');|
2022-04-26 10:38:26.2446|INFO|Microsoft.EntityFrameworkCore.Diagnostics.EventDefinition`6.Log|Executed DbCommand (4ms) [Parameters=[], CommandType='Text', CommandTimeout='30']
SELECT 1|
2022-04-26 10:38:26.2558|INFO|Microsoft.EntityFrameworkCore.Diagnostics.EventDefinition`6.Log|Executed DbCommand (2ms) [Parameters=[], CommandType='Text', CommandTimeout='30']
SELECT OBJECT_ID(N'[__EFMigrationsHistory]');|
2022-04-26 10:38:26.2786|INFO|Microsoft.EntityFrameworkCore.Diagnostics.EventDefinition`6.Log|Executed DbCommand (6ms) [Parameters=[], CommandType='Text', CommandTimeout='30']
SELECT [MigrationId], [ProductVersion]
FROM [__EFMigrationsHistory]
ORDER BY [MigrationId];|
2022-04-26 10:38:26.2941|INFO|Microsoft.EntityFrameworkCore.Diagnostics.EventDefinition.Log|No migrations were applied. The database is already up to date.|
2022-04-26 10:38:26.5456|INFO|Microsoft.EntityFrameworkCore.Diagnostics.EventDefinition`6.Log|Executed DbCommand (7ms) [Parameters=[], CommandType='Text', CommandTimeout='30']
SELECT CASE
    WHEN EXISTS (
        SELECT 1
        FROM [AspNetRoles] AS [a]) THEN CAST(1 AS bit)
    ELSE CAST(0 AS bit)
END|
2022-04-26 10:38:26.7321|INFO|Microsoft.Extensions.Hosting.Internal.ConsoleLifetime.OnApplicationStarted|Application started. Press Ctrl+C to shut down.|
2022-04-26 10:38:26.7321|INFO|Microsoft.Extensions.Hosting.Internal.ConsoleLifetime.OnApplicationStarted|Hosting environment: Development|
2022-04-26 10:38:26.7321|INFO|Microsoft.Extensions.Hosting.Internal.ConsoleLifetime.OnApplicationStarted|Content root path: D:\Learning\Projects\Learn SignalR\SignalRWithUsers\SignalRWithUsers\WebUI\|
2022-04-26 13:24:36.3632|INFO|Microsoft.EntityFrameworkCore.Diagnostics.EventDefinition`5.Log|Entity Framework Core 6.0.3 initialized 'ApplicationDbContext' using provider 'Microsoft.EntityFrameworkCore.SqlServer:6.0.3' with options: None|
2022-04-26 13:24:37.0430|INFO|Microsoft.EntityFrameworkCore.Diagnostics.EventDefinition`6.Log|Executed DbCommand (67ms) [Parameters=[@p0='?' (DbType = Guid), @p1='?' (Size = 4000), @p2='?' (Size = 4000), @p3='?' (Size = 200)], CommandType='Text', CommandTimeout='30']
SET NOCOUNT ON;
INSERT INTO [Employees] ([EmployeeId], [Address], [Email], [FullName])
VALUES (@p0, @p1, @p2, @p3);|
2022-04-26 13:24:37.1782|INFO|Microsoft.EntityFrameworkCore.Diagnostics.EventDefinition`6.Log|Executed DbCommand (5ms) [Parameters=[], CommandType='Text', CommandTimeout='30']
SELECT [a].[Id], [a].[ConcurrencyStamp], [a].[Name], [a].[NormalizedName], [a].[Type]
FROM [AspNetRoles] AS [a]|
2022-04-26 13:24:37.3463|INFO|Microsoft.EntityFrameworkCore.Diagnostics.EventDefinition`6.Log|Executed DbCommand (7ms) [Parameters=[@__normalizedUserName_0='?' (Size = 256)], CommandType='Text', CommandTimeout='30']
SELECT TOP(1) [a].[Id], [a].[AccessFailedCount], [a].[ConcurrencyStamp], [a].[Email], [a].[EmailConfirmed], [a].[EmployeesId], [a].[Fullname], [a].[IsActive], [a].[LockoutEnabled], [a].[LockoutEnd], [a].[NormalizedEmail], [a].[NormalizedUserName], [a].[PasswordHash], [a].[PhoneNumber], [a].[PhoneNumberConfirmed], [a].[SecurityStamp], [a].[TwoFactorEnabled], [a].[UserName], [a].[UserType]
FROM [AspNetUsers] AS [a]
WHERE [a].[NormalizedUserName] = @__normalizedUserName_0|
2022-04-26 13:24:37.5008|INFO|Microsoft.EntityFrameworkCore.Diagnostics.EventDefinition`6.Log|Executed DbCommand (8ms) [Parameters=[@p0='?' (Size = 450), @p1='?' (DbType = Int32), @p2='?' (Size = 4000), @p3='?' (Size = 256), @p4='?' (DbType = Boolean), @p5='?' (DbType = Guid), @p6='?' (Size = 4000), @p7='?' (DbType = Boolean), @p8='?' (DbType = Boolean), @p9='?' (DbType = DateTimeOffset), @p10='?' (Size = 256), @p11='?' (Size = 256), @p12='?' (Size = 4000), @p13='?' (Size = 4000), @p14='?' (DbType = Boolean), @p15='?' (Size = 4000), @p16='?' (DbType = Boolean), @p17='?' (Size = 256), @p18='?' (DbType = Int32)], CommandType='Text', CommandTimeout='30']
SET NOCOUNT ON;
INSERT INTO [AspNetUsers] ([Id], [AccessFailedCount], [ConcurrencyStamp], [Email], [EmailConfirmed], [EmployeesId], [Fullname], [IsActive], [LockoutEnabled], [LockoutEnd], [NormalizedEmail], [NormalizedUserName], [PasswordHash], [PhoneNumber], [PhoneNumberConfirmed], [SecurityStamp], [TwoFactorEnabled], [UserName], [UserType])
VALUES (@p0, @p1, @p2, @p3, @p4, @p5, @p6, @p7, @p8, @p9, @p10, @p11, @p12, @p13, @p14, @p15, @p16, @p17, @p18);|
2022-04-26 13:24:37.5415|INFO|Microsoft.EntityFrameworkCore.Diagnostics.EventDefinition`6.Log|Executed DbCommand (5ms) [Parameters=[@__normalizedRoleName_0='?' (Size = 256)], CommandType='Text', CommandTimeout='30']
SELECT TOP(2) [a].[Id], [a].[ConcurrencyStamp], [a].[Name], [a].[NormalizedName], [a].[Type]
FROM [AspNetRoles] AS [a]
WHERE [a].[NormalizedName] = @__normalizedRoleName_0|
2022-04-26 13:24:37.5824|INFO|Microsoft.EntityFrameworkCore.Diagnostics.EventDefinition`6.Log|Executed DbCommand (4ms) [Parameters=[@__p_0='?' (Size = 450), @__p_1='?' (Size = 450)], CommandType='Text', CommandTimeout='30']
SELECT TOP(1) [a].[UserId], [a].[RoleId]
FROM [AspNetUserRoles] AS [a]
WHERE ([a].[UserId] = @__p_0) AND ([a].[RoleId] = @__p_1)|
2022-04-26 13:24:37.5987|INFO|Microsoft.EntityFrameworkCore.Diagnostics.EventDefinition`6.Log|Executed DbCommand (3ms) [Parameters=[@__normalizedRoleName_0='?' (Size = 256)], CommandType='Text', CommandTimeout='30']
SELECT TOP(2) [a].[Id], [a].[ConcurrencyStamp], [a].[Name], [a].[NormalizedName], [a].[Type]
FROM [AspNetRoles] AS [a]
WHERE [a].[NormalizedName] = @__normalizedRoleName_0|
2022-04-26 13:24:37.6476|INFO|Microsoft.EntityFrameworkCore.Diagnostics.EventDefinition`6.Log|Executed DbCommand (3ms) [Parameters=[@__normalizedUserName_0='?' (Size = 256)], CommandType='Text', CommandTimeout='30']
SELECT TOP(1) [a].[Id], [a].[AccessFailedCount], [a].[ConcurrencyStamp], [a].[Email], [a].[EmailConfirmed], [a].[EmployeesId], [a].[Fullname], [a].[IsActive], [a].[LockoutEnabled], [a].[LockoutEnd], [a].[NormalizedEmail], [a].[NormalizedUserName], [a].[PasswordHash], [a].[PhoneNumber], [a].[PhoneNumberConfirmed], [a].[SecurityStamp], [a].[TwoFactorEnabled], [a].[UserName], [a].[UserType]
FROM [AspNetUsers] AS [a]
WHERE [a].[NormalizedUserName] = @__normalizedUserName_0|
2022-04-26 13:24:37.6819|INFO|Microsoft.EntityFrameworkCore.Diagnostics.EventDefinition`6.Log|Executed DbCommand (5ms) [Parameters=[@p0='?' (Size = 450), @p1='?' (Size = 450)], CommandType='Text', CommandTimeout='30']
SET NOCOUNT ON;
INSERT INTO [AspNetUserRoles] ([RoleId], [UserId])
VALUES (@p0, @p1);|
2022-04-26 13:24:37.6975|INFO|Microsoft.EntityFrameworkCore.Diagnostics.EventDefinition`6.Log|Executed DbCommand (10ms) [Parameters=[@p18='?' (Size = 450), @p0='?' (DbType = Int32), @p1='?' (Size = 4000), @p19='?' (Size = 4000), @p2='?' (Size = 256), @p3='?' (DbType = Boolean), @p4='?' (DbType = Guid), @p5='?' (Size = 4000), @p6='?' (DbType = Boolean), @p7='?' (DbType = Boolean), @p8='?' (DbType = DateTimeOffset), @p9='?' (Size = 256), @p10='?' (Size = 256), @p11='?' (Size = 4000), @p12='?' (Size = 4000), @p13='?' (DbType = Boolean), @p14='?' (Size = 4000), @p15='?' (DbType = Boolean), @p16='?' (Size = 256), @p17='?' (DbType = Int32)], CommandType='Text', CommandTimeout='30']
SET NOCOUNT ON;
UPDATE [AspNetUsers] SET [AccessFailedCount] = @p0, [ConcurrencyStamp] = @p1, [Email] = @p2, [EmailConfirmed] = @p3, [EmployeesId] = @p4, [Fullname] = @p5, [IsActive] = @p6, [LockoutEnabled] = @p7, [LockoutEnd] = @p8, [NormalizedEmail] = @p9, [NormalizedUserName] = @p10, [PasswordHash] = @p11, [PhoneNumber] = @p12, [PhoneNumberConfirmed] = @p13, [SecurityStamp] = @p14, [TwoFactorEnabled] = @p15, [UserName] = @p16, [UserType] = @p17
WHERE [Id] = @p18 AND [ConcurrencyStamp] = @p19;
SELECT @@ROWCOUNT;|
