2022-04-12 17:30:11.1468|INFO|Microsoft.EntityFrameworkCore.Diagnostics.EventDefinition`5.Log|Entity Framework Core 6.0.3 initialized 'ApplicationDbContext' using provider 'Microsoft.EntityFrameworkCore.SqlServer:6.0.3' with options: None|
2022-04-12 17:30:11.9177|INFO|Microsoft.EntityFrameworkCore.Diagnostics.EventDefinition`6.Log|Executed DbCommand (22ms) [Parameters=[], CommandType='Text', CommandTimeout='30']
SELECT 1|
2022-04-12 17:30:18.7425|INFO|Microsoft.EntityFrameworkCore.Diagnostics.EventDefinition`5.Log|Entity Framework Core 6.0.3 initialized 'ApplicationDbContext' using provider 'Microsoft.EntityFrameworkCore.SqlServer:6.0.3' with options: None|
2022-04-12 17:30:18.9613|INFO|Microsoft.EntityFrameworkCore.Diagnostics.EventDefinition`6.Log|Executed DbCommand (15ms) [Parameters=[], CommandType='Text', CommandTimeout='30']
SELECT 1|
2022-04-12 17:30:18.9848|INFO|Microsoft.EntityFrameworkCore.Diagnostics.EventDefinition`6.Log|Executed DbCommand (14ms) [Parameters=[], CommandType='Text', CommandTimeout='30']
SELECT OBJECT_ID(N'[__EFMigrationsHistory]');|
2022-04-12 17:30:18.9848|INFO|Microsoft.EntityFrameworkCore.Diagnostics.EventDefinition`6.Log|Executed DbCommand (3ms) [Parameters=[], CommandType='Text', CommandTimeout='30']
SELECT 1|
2022-04-12 17:30:18.9848|INFO|Microsoft.EntityFrameworkCore.Diagnostics.EventDefinition`6.Log|Executed DbCommand (1ms) [Parameters=[], CommandType='Text', CommandTimeout='30']
SELECT OBJECT_ID(N'[__EFMigrationsHistory]');|
2022-04-12 17:30:19.0035|INFO|Microsoft.EntityFrameworkCore.Diagnostics.EventDefinition`6.Log|Executed DbCommand (2ms) [Parameters=[], CommandType='Text', CommandTimeout='30']
SELECT [MigrationId], [ProductVersion]
FROM [__EFMigrationsHistory]
ORDER BY [MigrationId];|
2022-04-12 17:30:19.0156|INFO|Microsoft.EntityFrameworkCore.Diagnostics.EventDefinition.Log|No migrations were applied. The database is already up to date.|
2022-04-12 17:30:19.2407|INFO|Microsoft.EntityFrameworkCore.Diagnostics.EventDefinition`6.Log|Executed DbCommand (2ms) [Parameters=[], CommandType='Text', CommandTimeout='30']
SELECT CASE
    WHEN EXISTS (
        SELECT 1
        FROM [AspNetRoles] AS [a]) THEN CAST(1 AS bit)
    ELSE CAST(0 AS bit)
END|
2022-04-12 17:30:19.8583|INFO|Microsoft.Extensions.Hosting.Internal.ConsoleLifetime.OnApplicationStarted|Application started. Press Ctrl+C to shut down.|
2022-04-12 17:30:19.8583|INFO|Microsoft.Extensions.Hosting.Internal.ConsoleLifetime.OnApplicationStarted|Hosting environment: Development|
2022-04-12 17:30:19.8583|INFO|Microsoft.Extensions.Hosting.Internal.ConsoleLifetime.OnApplicationStarted|Content root path: D:\Learning\Projects\Learn SignalR\SignalRWithUsers\SignalRWithUsers\WebUI\|
2022-04-12 17:30:35.6031|ERROR|Microsoft.AspNetCore.Diagnostics.DiagnosticsLoggerExtensions.UnhandledException|An unhandled exception has occurred while executing the request.|
EXCEPTION OCCURRED:System.Exception: Hello Logger , this is exception thrown from AccountController
   at WebUI.Controllers.UserAccounts.AccountsController.Login(LoginModel login) in D:\Learning\Projects\Learn SignalR\SignalRWithUsers\SignalRWithUsers\WebUI\Controllers\UserAccounts\AccountsController.cs:line 21
   at lambda_method17(Closure , Object )
   at Microsoft.AspNetCore.Mvc.Infrastructure.ActionMethodExecutor.AwaitableObjectResultExecutor.Execute(IActionResultTypeMapper mapper, ObjectMethodExecutor executor, Object controller, Object[] arguments)
   at Microsoft.AspNetCore.Mvc.Infrastructure.ControllerActionInvoker.<InvokeActionMethodAsync>g__Awaited|12_0(ControllerActionInvoker invoker, ValueTask`1 actionResultValueTask)
   at Microsoft.AspNetCore.Mvc.Infrastructure.ControllerActionInvoker.<InvokeNextActionFilterAsync>g__Awaited|10_0(ControllerActionInvoker invoker, Task lastTask, State next, Scope scope, Object state, Boolean isCompleted)
   at Microsoft.AspNetCore.Mvc.Infrastructure.ControllerActionInvoker.Rethrow(ActionExecutedContextSealed context)
   at Microsoft.AspNetCore.Mvc.Infrastructure.ControllerActionInvoker.Next(State& next, Scope& scope, Object& state, Boolean& isCompleted)
   at Microsoft.AspNetCore.Mvc.Infrastructure.ControllerActionInvoker.InvokeInnerFilterAsync()
--- End of stack trace from previous location ---
   at Microsoft.AspNetCore.Mvc.Infrastructure.ResourceInvoker.<InvokeFilterPipelineAsync>g__Awaited|20_0(ResourceInvoker invoker, Task lastTask, State next, Scope scope, Object state, Boolean isCompleted)
   at Microsoft.AspNetCore.Mvc.Infrastructure.ResourceInvoker.<InvokeAsync>g__Awaited|17_0(ResourceInvoker invoker, Task task, IDisposable scope)
   at Microsoft.AspNetCore.Mvc.Infrastructure.ResourceInvoker.<InvokeAsync>g__Awaited|17_0(ResourceInvoker invoker, Task task, IDisposable scope)
   at Microsoft.AspNetCore.Routing.EndpointMiddleware.<Invoke>g__AwaitRequestTask|6_0(Endpoint endpoint, Task requestTask, ILogger logger)
   at Microsoft.AspNetCore.Authorization.AuthorizationMiddleware.Invoke(HttpContext context)
   at Swashbuckle.AspNetCore.SwaggerUI.SwaggerUIMiddleware.Invoke(HttpContext httpContext)
   at Swashbuckle.AspNetCore.Swagger.SwaggerMiddleware.Invoke(HttpContext httpContext, ISwaggerProvider swaggerProvider)
   at Microsoft.AspNetCore.Diagnostics.DeveloperExceptionPageMiddleware.Invoke(HttpContext context)    at WebUI.Controllers.UserAccounts.AccountsController.Login(LoginModel login) in D:\Learning\Projects\Learn SignalR\SignalRWithUsers\SignalRWithUsers\WebUI\Controllers\UserAccounts\AccountsController.cs:line 21
   at lambda_method17(Closure , Object )
   at Microsoft.AspNetCore.Mvc.Infrastructure.ActionMethodExecutor.AwaitableObjectResultExecutor.Execute(IActionResultTypeMapper mapper, ObjectMethodExecutor executor, Object controller, Object[] arguments)
   at Microsoft.AspNetCore.Mvc.Infrastructure.ControllerActionInvoker.<InvokeActionMethodAsync>g__Awaited|12_0(ControllerActionInvoker invoker, ValueTask`1 actionResultValueTask)
   at Microsoft.AspNetCore.Mvc.Infrastructure.ControllerActionInvoker.<InvokeNextActionFilterAsync>g__Awaited|10_0(ControllerActionInvoker invoker, Task lastTask, State next, Scope scope, Object state, Boolean isCompleted)
   at Microsoft.AspNetCore.Mvc.Infrastructure.ControllerActionInvoker.Rethrow(ActionExecutedContextSealed context)
   at Microsoft.AspNetCore.Mvc.Infrastructure.ControllerActionInvoker.Next(State& next, Scope& scope, Object& state, Boolean& isCompleted)
   at Microsoft.AspNetCore.Mvc.Infrastructure.ControllerActionInvoker.InvokeInnerFilterAsync()
--- End of stack trace from previous location ---
   at Microsoft.AspNetCore.Mvc.Infrastructure.ResourceInvoker.<InvokeFilterPipelineAsync>g__Awaited|20_0(ResourceInvoker invoker, Task lastTask, State next, Scope scope, Object state, Boolean isCompleted)
   at Microsoft.AspNetCore.Mvc.Infrastructure.ResourceInvoker.<InvokeAsync>g__Awaited|17_0(ResourceInvoker invoker, Task task, IDisposable scope)
   at Microsoft.AspNetCore.Mvc.Infrastructure.ResourceInvoker.<InvokeAsync>g__Awaited|17_0(ResourceInvoker invoker, Task task, IDisposable scope)
   at Microsoft.AspNetCore.Routing.EndpointMiddleware.<Invoke>g__AwaitRequestTask|6_0(Endpoint endpoint, Task requestTask, ILogger logger)
   at Microsoft.AspNetCore.Authorization.AuthorizationMiddleware.Invoke(HttpContext context)
   at Swashbuckle.AspNetCore.SwaggerUI.SwaggerUIMiddleware.Invoke(HttpContext httpContext)
   at Swashbuckle.AspNetCore.Swagger.SwaggerMiddleware.Invoke(HttpContext httpContext, ISwaggerProvider swaggerProvider)
   at Microsoft.AspNetCore.Diagnostics.DeveloperExceptionPageMiddleware.Invoke(HttpContext context)
