D:\Learning\Projects\Learn SignalR\SignalRWithUsers\SignalRWithUsers\WebUI\Client\dist\out-tsc\environments\environment.js
D:\Learning\Projects\Learn SignalR\SignalRWithUsers\SignalRWithUsers\WebUI\Client\dist\out-tsc\environments\environment.js.map
D:\Learning\Projects\Learn SignalR\SignalRWithUsers\SignalRWithUsers\WebUI\Client\dist\out-tsc\app\Employees\components\employee-add\employee-add.component.js
D:\Learning\Projects\Learn SignalR\SignalRWithUsers\SignalRWithUsers\WebUI\Client\dist\out-tsc\app\Employees\components\employee-add\employee-add.component.js.map
D:\Learning\Projects\Learn SignalR\SignalRWithUsers\SignalRWithUsers\WebUI\Client\dist\out-tsc\app\Employees\components\employee-view\employee-view.component.js
D:\Learning\Projects\Learn SignalR\SignalRWithUsers\SignalRWithUsers\WebUI\Client\dist\out-tsc\app\Employees\components\employee-view\employee-view.component.js.map
D:\Learning\Projects\Learn SignalR\SignalRWithUsers\SignalRWithUsers\WebUI\Client\dist\out-tsc\app\app-routing.module.js
D:\Learning\Projects\Learn SignalR\SignalRWithUsers\SignalRWithUsers\WebUI\Client\dist\out-tsc\app\app-routing.module.js.map
D:\Learning\Projects\Learn SignalR\SignalRWithUsers\SignalRWithUsers\WebUI\Client\dist\out-tsc\app\app.component.js
D:\Learning\Projects\Learn SignalR\SignalRWithUsers\SignalRWithUsers\WebUI\Client\dist\out-tsc\app\app.component.js.map
D:\Learning\Projects\Learn SignalR\SignalRWithUsers\SignalRWithUsers\WebUI\Client\dist\out-tsc\app\app.module.js
D:\Learning\Projects\Learn SignalR\SignalRWithUsers\SignalRWithUsers\WebUI\Client\dist\out-tsc\app\app.module.js.map
D:\Learning\Projects\Learn SignalR\SignalRWithUsers\SignalRWithUsers\WebUI\Client\dist\out-tsc\main.js
D:\Learning\Projects\Learn SignalR\SignalRWithUsers\SignalRWithUsers\WebUI\Client\dist\out-tsc\main.js.map
D:\Learning\Projects\Learn SignalR\SignalRWithUsers\SignalRWithUsers\WebUI\Client\dist\out-tsc\polyfills.js
D:\Learning\Projects\Learn SignalR\SignalRWithUsers\SignalRWithUsers\WebUI\Client\dist\out-tsc\polyfills.js.map
D:\Learning\Projects\Learn SignalR\SignalRWithUsers\SignalRWithUsers\WebUI\Client\dist\out-tsc\test.js
D:\Learning\Projects\Learn SignalR\SignalRWithUsers\SignalRWithUsers\WebUI\Client\dist\out-tsc\test.js.map
D:\Learning\Projects\Learn SignalR\SignalRWithUsers\SignalRWithUsers\WebUI\Client\dist\out-tsc\app\app.component.spec.js
D:\Learning\Projects\Learn SignalR\SignalRWithUsers\SignalRWithUsers\WebUI\Client\dist\out-tsc\app\app.component.spec.js.map
D:\Learning\Projects\Learn SignalR\SignalRWithUsers\SignalRWithUsers\WebUI\Client\dist\out-tsc\app\Employees\components\employee-add\employee-add.component.spec.js
D:\Learning\Projects\Learn SignalR\SignalRWithUsers\SignalRWithUsers\WebUI\Client\dist\out-tsc\app\Employees\components\employee-add\employee-add.component.spec.js.map
D:\Learning\Projects\Learn SignalR\SignalRWithUsers\SignalRWithUsers\WebUI\Client\dist\out-tsc\app\Employees\components\employee-view\employee-view.component.spec.js
D:\Learning\Projects\Learn SignalR\SignalRWithUsers\SignalRWithUsers\WebUI\Client\dist\out-tsc\app\Employees\components\employee-view\employee-view.component.spec.js.map
D:\Learning\Projects\Learn SignalR\SignalRWithUsers\SignalRWithUsers\WebUI\Client\dist\out-tsc\environments\environment.prod.js
D:\Learning\Projects\Learn SignalR\SignalRWithUsers\SignalRWithUsers\WebUI\Client\dist\out-tsc\environments\environment.prod.js.map
